have_library: checking for t_open() in -lnsl... -------------------- no

"gcc -o conftest -I/home/martin/ruby/include/ruby-1.9.1/i686-linux -I/home/martin/ruby/include/ruby-1.9.1/ruby/backward -I/home/martin/ruby/include/ruby-1.9.1 -I. -I/home/martin/openssl/include  -D_FILE_OFFSET_BITS=64   -O3 -ggdb -Wextra -Wno-unused-parameter -Wno-parentheses -Wpointer-arith -Wwrite-strings -Wno-missing-field-initializers -Wno-long-long conftest.c  -L. -L/home/martin/ruby/lib -Wl,-R/home/martin/ruby/lib -L/home/martin/openssl/lib -Wl,-R/home/martin/openssl/lib -L.  -rdynamic -Wl,-export-dynamic     -Wl,-R -Wl,/home/martin/ruby/lib -L/home/martin/ruby/lib -lruby-static  -lpthread -lrt -ldl -lcrypt -lm   -lc"
checked program was:
/* begin */
1: #include "ruby.h"
2: 
3: int main() {return 0;}
/* end */

"gcc -o conftest -I/home/martin/ruby/include/ruby-1.9.1/i686-linux -I/home/martin/ruby/include/ruby-1.9.1/ruby/backward -I/home/martin/ruby/include/ruby-1.9.1 -I. -I/home/martin/openssl/include  -D_FILE_OFFSET_BITS=64   -O3 -ggdb -Wextra -Wno-unused-parameter -Wno-parentheses -Wpointer-arith -Wwrite-strings -Wno-missing-field-initializers -Wno-long-long conftest.c  -L. -L/home/martin/ruby/lib -Wl,-R/home/martin/ruby/lib -L/home/martin/openssl/lib -Wl,-R/home/martin/openssl/lib -L.  -rdynamic -Wl,-export-dynamic     -Wl,-R -Wl,/home/martin/ruby/lib -L/home/martin/ruby/lib -lruby-static -lnsl  -lpthread -lrt -ldl -lcrypt -lm   -lc"
conftest.c: In function ‘t’:
conftest.c:5: error: ‘t_open’ undeclared (first use in this function)
conftest.c:5: error: (Each undeclared identifier is reported only once
conftest.c:5: error: for each function it appears in.)
checked program was:
/* begin */
1: #include "ruby.h"
2: 
3: /*top*/
4: int main() {return 0;}
5: int t() { void ((*volatile p)()); p = (void ((*)()))t_open; return 0; }
/* end */

"gcc -o conftest -I/home/martin/ruby/include/ruby-1.9.1/i686-linux -I/home/martin/ruby/include/ruby-1.9.1/ruby/backward -I/home/martin/ruby/include/ruby-1.9.1 -I. -I/home/martin/openssl/include  -D_FILE_OFFSET_BITS=64   -O3 -ggdb -Wextra -Wno-unused-parameter -Wno-parentheses -Wpointer-arith -Wwrite-strings -Wno-missing-field-initializers -Wno-long-long conftest.c  -L. -L/home/martin/ruby/lib -Wl,-R/home/martin/ruby/lib -L/home/martin/openssl/lib -Wl,-R/home/martin/openssl/lib -L.  -rdynamic -Wl,-export-dynamic     -Wl,-R -Wl,/home/martin/ruby/lib -L/home/martin/ruby/lib -lruby-static -lnsl  -lpthread -lrt -ldl -lcrypt -lm   -lc"
/tmp/ccTkt1p5.o: In function `t':
/home/martin/Projekte/Ruby/ruby-openssl/ext/openssl/conftest.c:5: undefined reference to `t_open'
collect2: ld returned 1 exit status
checked program was:
/* begin */
1: #include "ruby.h"
2: 
3: /*top*/
4: int main() {return 0;}
5: int t() { t_open(); return 0; }
/* end */

--------------------

have_library: checking for socket() in -lsocket... -------------------- no

"gcc -o conftest -I/home/martin/ruby/include/ruby-1.9.1/i686-linux -I/home/martin/ruby/include/ruby-1.9.1/ruby/backward -I/home/martin/ruby/include/ruby-1.9.1 -I. -I/home/martin/openssl/include  -D_FILE_OFFSET_BITS=64   -O3 -ggdb -Wextra -Wno-unused-parameter -Wno-parentheses -Wpointer-arith -Wwrite-strings -Wno-missing-field-initializers -Wno-long-long conftest.c  -L. -L/home/martin/ruby/lib -Wl,-R/home/martin/ruby/lib -L/home/martin/openssl/lib -Wl,-R/home/martin/openssl/lib -L.  -rdynamic -Wl,-export-dynamic     -Wl,-R -Wl,/home/martin/ruby/lib -L/home/martin/ruby/lib -lruby-static -lsocket  -lpthread -lrt -ldl -lcrypt -lm   -lc"
conftest.c: In function ‘t’:
conftest.c:5: error: ‘socket’ undeclared (first use in this function)
conftest.c:5: error: (Each undeclared identifier is reported only once
conftest.c:5: error: for each function it appears in.)
checked program was:
/* begin */
1: #include "ruby.h"
2: 
3: /*top*/
4: int main() {return 0;}
5: int t() { void ((*volatile p)()); p = (void ((*)()))socket; return 0; }
/* end */

"gcc -o conftest -I/home/martin/ruby/include/ruby-1.9.1/i686-linux -I/home/martin/ruby/include/ruby-1.9.1/ruby/backward -I/home/martin/ruby/include/ruby-1.9.1 -I. -I/home/martin/openssl/include  -D_FILE_OFFSET_BITS=64   -O3 -ggdb -Wextra -Wno-unused-parameter -Wno-parentheses -Wpointer-arith -Wwrite-strings -Wno-missing-field-initializers -Wno-long-long conftest.c  -L. -L/home/martin/ruby/lib -Wl,-R/home/martin/ruby/lib -L/home/martin/openssl/lib -Wl,-R/home/martin/openssl/lib -L.  -rdynamic -Wl,-export-dynamic     -Wl,-R -Wl,/home/martin/ruby/lib -L/home/martin/ruby/lib -lruby-static -lsocket  -lpthread -lrt -ldl -lcrypt -lm   -lc"
/usr/bin/ld: cannot find -lsocket
collect2: ld returned 1 exit status
checked program was:
/* begin */
1: #include "ruby.h"
2: 
3: /*top*/
4: int main() {return 0;}
5: int t() { socket(); return 0; }
/* end */

--------------------

have_header: checking for assert.h... -------------------- yes

"gcc -E -I/home/martin/ruby/include/ruby-1.9.1/i686-linux -I/home/martin/ruby/include/ruby-1.9.1/ruby/backward -I/home/martin/ruby/include/ruby-1.9.1 -I. -I/home/martin/openssl/include  -D_FILE_OFFSET_BITS=64   -O3 -ggdb -Wextra -Wno-unused-parameter -Wno-parentheses -Wpointer-arith -Wwrite-strings -Wno-missing-field-initializers -Wno-long-long  conftest.c -o conftest.i"
checked program was:
/* begin */
1: #include "ruby.h"
2: 
3: #include <assert.h>
/* end */

--------------------

package configuration for openssl
cflags:  
ldflags: 
libs: -lssl -lcrypto  

have_header: checking for openssl/ssl.h... -------------------- yes

"gcc -E -I/home/martin/ruby/include/ruby-1.9.1/i686-linux -I/home/martin/ruby/include/ruby-1.9.1/ruby/backward -I/home/martin/ruby/include/ruby-1.9.1 -I. -I/home/martin/openssl/include  -D_FILE_OFFSET_BITS=64   -O3 -ggdb -Wextra -Wno-unused-parameter -Wno-parentheses -Wpointer-arith -Wwrite-strings -Wno-missing-field-initializers -Wno-long-long    conftest.c -o conftest.i"
checked program was:
/* begin */
1: #include "ruby.h"
2: 
3: #include <openssl/ssl.h>
/* end */

--------------------

have_header: checking for openssl/conf_api.h... -------------------- yes

"gcc -E -I/home/martin/ruby/include/ruby-1.9.1/i686-linux -I/home/martin/ruby/include/ruby-1.9.1/ruby/backward -I/home/martin/ruby/include/ruby-1.9.1 -I. -I/home/martin/openssl/include  -D_FILE_OFFSET_BITS=64   -O3 -ggdb -Wextra -Wno-unused-parameter -Wno-parentheses -Wpointer-arith -Wwrite-strings -Wno-missing-field-initializers -Wno-long-long    conftest.c -o conftest.i"
checked program was:
/* begin */
1: #include "ruby.h"
2: 
3: #include <openssl/conf_api.h>
/* end */

--------------------

have_func: checking for rb_str_set_len() in ruby.h... -------------------- yes

"gcc -o conftest -I/home/martin/ruby/include/ruby-1.9.1/i686-linux -I/home/martin/ruby/include/ruby-1.9.1/ruby/backward -I/home/martin/ruby/include/ruby-1.9.1 -I. -I/home/martin/openssl/include  -D_FILE_OFFSET_BITS=64   -O3 -ggdb -Wextra -Wno-unused-parameter -Wno-parentheses -Wpointer-arith -Wwrite-strings -Wno-missing-field-initializers -Wno-long-long   conftest.c  -L. -L/home/martin/ruby/lib -Wl,-R/home/martin/ruby/lib -L/home/martin/openssl/lib -Wl,-R/home/martin/openssl/lib -L.  -rdynamic -Wl,-export-dynamic      -lssl -lcrypto   -Wl,-R -Wl,/home/martin/ruby/lib -L/home/martin/ruby/lib -lruby-static  -lssl -lcrypto   -lpthread -lrt -ldl -lcrypt -lm   -lc"
checked program was:
/* begin */
1: #include "ruby.h"
2: 
3: #include <ruby.h>
4: 
5: /*top*/
6: int main() {return 0;}
7: int t() { void ((*volatile p)()); p = (void ((*)()))rb_str_set_len; return 0; }
/* end */

--------------------

have_func: checking for rb_block_call() in ruby.h... -------------------- yes

"gcc -o conftest -I/home/martin/ruby/include/ruby-1.9.1/i686-linux -I/home/martin/ruby/include/ruby-1.9.1/ruby/backward -I/home/martin/ruby/include/ruby-1.9.1 -I. -I/home/martin/openssl/include  -D_FILE_OFFSET_BITS=64   -O3 -ggdb -Wextra -Wno-unused-parameter -Wno-parentheses -Wpointer-arith -Wwrite-strings -Wno-missing-field-initializers -Wno-long-long   conftest.c  -L. -L/home/martin/ruby/lib -Wl,-R/home/martin/ruby/lib -L/home/martin/openssl/lib -Wl,-R/home/martin/openssl/lib -L.  -rdynamic -Wl,-export-dynamic      -lssl -lcrypto   -Wl,-R -Wl,/home/martin/ruby/lib -L/home/martin/ruby/lib -lruby-static  -lssl -lcrypto   -lpthread -lrt -ldl -lcrypt -lm   -lc"
checked program was:
/* begin */
1: #include "ruby.h"
2: 
3: #include <ruby.h>
4: 
5: /*top*/
6: int main() {return 0;}
7: int t() { void ((*volatile p)()); p = (void ((*)()))rb_block_call; return 0; }
/* end */

--------------------

have_func: checking for ERR_peek_last_error()... -------------------- yes

"gcc -o conftest -I/home/martin/ruby/include/ruby-1.9.1/i686-linux -I/home/martin/ruby/include/ruby-1.9.1/ruby/backward -I/home/martin/ruby/include/ruby-1.9.1 -I. -I/home/martin/openssl/include  -D_FILE_OFFSET_BITS=64   -O3 -ggdb -Wextra -Wno-unused-parameter -Wno-parentheses -Wpointer-arith -Wwrite-strings -Wno-missing-field-initializers -Wno-long-long   conftest.c  -L. -L/home/martin/ruby/lib -Wl,-R/home/martin/ruby/lib -L/home/martin/openssl/lib -Wl,-R/home/martin/openssl/lib -L.  -rdynamic -Wl,-export-dynamic      -lssl -lcrypto   -Wl,-R -Wl,/home/martin/ruby/lib -L/home/martin/ruby/lib -lruby-static  -lssl -lcrypto   -lpthread -lrt -ldl -lcrypt -lm   -lc"
conftest.c: In function ‘t’:
conftest.c:5: error: ‘ERR_peek_last_error’ undeclared (first use in this function)
conftest.c:5: error: (Each undeclared identifier is reported only once
conftest.c:5: error: for each function it appears in.)
checked program was:
/* begin */
1: #include "ruby.h"
2: 
3: /*top*/
4: int main() {return 0;}
5: int t() { void ((*volatile p)()); p = (void ((*)()))ERR_peek_last_error; return 0; }
/* end */

"gcc -o conftest -I/home/martin/ruby/include/ruby-1.9.1/i686-linux -I/home/martin/ruby/include/ruby-1.9.1/ruby/backward -I/home/martin/ruby/include/ruby-1.9.1 -I. -I/home/martin/openssl/include  -D_FILE_OFFSET_BITS=64   -O3 -ggdb -Wextra -Wno-unused-parameter -Wno-parentheses -Wpointer-arith -Wwrite-strings -Wno-missing-field-initializers -Wno-long-long   conftest.c  -L. -L/home/martin/ruby/lib -Wl,-R/home/martin/ruby/lib -L/home/martin/openssl/lib -Wl,-R/home/martin/openssl/lib -L.  -rdynamic -Wl,-export-dynamic      -lssl -lcrypto   -Wl,-R -Wl,/home/martin/ruby/lib -L/home/martin/ruby/lib -lruby-static  -lssl -lcrypto   -lpthread -lrt -ldl -lcrypt -lm   -lc"
checked program was:
/* begin */
1: #include "ruby.h"
2: 
3: /*top*/
4: int main() {return 0;}
5: int t() { ERR_peek_last_error(); return 0; }
/* end */

--------------------

have_func: checking for BN_mod_add()... -------------------- yes

"gcc -o conftest -I/home/martin/ruby/include/ruby-1.9.1/i686-linux -I/home/martin/ruby/include/ruby-1.9.1/ruby/backward -I/home/martin/ruby/include/ruby-1.9.1 -I. -I/home/martin/openssl/include  -D_FILE_OFFSET_BITS=64   -O3 -ggdb -Wextra -Wno-unused-parameter -Wno-parentheses -Wpointer-arith -Wwrite-strings -Wno-missing-field-initializers -Wno-long-long   conftest.c  -L. -L/home/martin/ruby/lib -Wl,-R/home/martin/ruby/lib -L/home/martin/openssl/lib -Wl,-R/home/martin/openssl/lib -L.  -rdynamic -Wl,-export-dynamic      -lssl -lcrypto   -Wl,-R -Wl,/home/martin/ruby/lib -L/home/martin/ruby/lib -lruby-static  -lssl -lcrypto   -lpthread -lrt -ldl -lcrypt -lm   -lc"
conftest.c: In function ‘t’:
conftest.c:5: error: ‘BN_mod_add’ undeclared (first use in this function)
conftest.c:5: error: (Each undeclared identifier is reported only once
conftest.c:5: error: for each function it appears in.)
checked program was:
/* begin */
1: #include "ruby.h"
2: 
3: /*top*/
4: int main() {return 0;}
5: int t() { void ((*volatile p)()); p = (void ((*)()))BN_mod_add; return 0; }
/* end */

"gcc -o conftest -I/home/martin/ruby/include/ruby-1.9.1/i686-linux -I/home/martin/ruby/include/ruby-1.9.1/ruby/backward -I/home/martin/ruby/include/ruby-1.9.1 -I. -I/home/martin/openssl/include  -D_FILE_OFFSET_BITS=64   -O3 -ggdb -Wextra -Wno-unused-parameter -Wno-parentheses -Wpointer-arith -Wwrite-strings -Wno-missing-field-initializers -Wno-long-long   conftest.c  -L. -L/home/martin/ruby/lib -Wl,-R/home/martin/ruby/lib -L/home/martin/openssl/lib -Wl,-R/home/martin/openssl/lib -L.  -rdynamic -Wl,-export-dynamic      -lssl -lcrypto   -Wl,-R -Wl,/home/martin/ruby/lib -L/home/martin/ruby/lib -lruby-static  -lssl -lcrypto   -lpthread -lrt -ldl -lcrypt -lm   -lc"
checked program was:
/* begin */
1: #include "ruby.h"
2: 
3: /*top*/
4: int main() {return 0;}
5: int t() { BN_mod_add(); return 0; }
/* end */

--------------------

have_func: checking for BN_mod_sqr()... -------------------- yes

"gcc -o conftest -I/home/martin/ruby/include/ruby-1.9.1/i686-linux -I/home/martin/ruby/include/ruby-1.9.1/ruby/backward -I/home/martin/ruby/include/ruby-1.9.1 -I. -I/home/martin/openssl/include  -D_FILE_OFFSET_BITS=64   -O3 -ggdb -Wextra -Wno-unused-parameter -Wno-parentheses -Wpointer-arith -Wwrite-strings -Wno-missing-field-initializers -Wno-long-long   conftest.c  -L. -L/home/martin/ruby/lib -Wl,-R/home/martin/ruby/lib -L/home/martin/openssl/lib -Wl,-R/home/martin/openssl/lib -L.  -rdynamic -Wl,-export-dynamic      -lssl -lcrypto   -Wl,-R -Wl,/home/martin/ruby/lib -L/home/martin/ruby/lib -lruby-static  -lssl -lcrypto   -lpthread -lrt -ldl -lcrypt -lm   -lc"
conftest.c: In function ‘t’:
conftest.c:5: error: ‘BN_mod_sqr’ undeclared (first use in this function)
conftest.c:5: error: (Each undeclared identifier is reported only once
conftest.c:5: error: for each function it appears in.)
checked program was:
/* begin */
1: #include "ruby.h"
2: 
3: /*top*/
4: int main() {return 0;}
5: int t() { void ((*volatile p)()); p = (void ((*)()))BN_mod_sqr; return 0; }
/* end */

"gcc -o conftest -I/home/martin/ruby/include/ruby-1.9.1/i686-linux -I/home/martin/ruby/include/ruby-1.9.1/ruby/backward -I/home/martin/ruby/include/ruby-1.9.1 -I. -I/home/martin/openssl/include  -D_FILE_OFFSET_BITS=64   -O3 -ggdb -Wextra -Wno-unused-parameter -Wno-parentheses -Wpointer-arith -Wwrite-strings -Wno-missing-field-initializers -Wno-long-long   conftest.c  -L. -L/home/martin/ruby/lib -Wl,-R/home/martin/ruby/lib -L/home/martin/openssl/lib -Wl,-R/home/martin/openssl/lib -L.  -rdynamic -Wl,-export-dynamic      -lssl -lcrypto   -Wl,-R -Wl,/home/martin/ruby/lib -L/home/martin/ruby/lib -lruby-static  -lssl -lcrypto   -lpthread -lrt -ldl -lcrypt -lm   -lc"
checked program was:
/* begin */
1: #include "ruby.h"
2: 
3: /*top*/
4: int main() {return 0;}
5: int t() { BN_mod_sqr(); return 0; }
/* end */

--------------------

have_func: checking for BN_mod_sub()... -------------------- yes

"gcc -o conftest -I/home/martin/ruby/include/ruby-1.9.1/i686-linux -I/home/martin/ruby/include/ruby-1.9.1/ruby/backward -I/home/martin/ruby/include/ruby-1.9.1 -I. -I/home/martin/openssl/include  -D_FILE_OFFSET_BITS=64   -O3 -ggdb -Wextra -Wno-unused-parameter -Wno-parentheses -Wpointer-arith -Wwrite-strings -Wno-missing-field-initializers -Wno-long-long   conftest.c  -L. -L/home/martin/ruby/lib -Wl,-R/home/martin/ruby/lib -L/home/martin/openssl/lib -Wl,-R/home/martin/openssl/lib -L.  -rdynamic -Wl,-export-dynamic      -lssl -lcrypto   -Wl,-R -Wl,/home/martin/ruby/lib -L/home/martin/ruby/lib -lruby-static  -lssl -lcrypto   -lpthread -lrt -ldl -lcrypt -lm   -lc"
conftest.c: In function ‘t’:
conftest.c:5: error: ‘BN_mod_sub’ undeclared (first use in this function)
conftest.c:5: error: (Each undeclared identifier is reported only once
conftest.c:5: error: for each function it appears in.)
checked program was:
/* begin */
1: #include "ruby.h"
2: 
3: /*top*/
4: int main() {return 0;}
5: int t() { void ((*volatile p)()); p = (void ((*)()))BN_mod_sub; return 0; }
/* end */

"gcc -o conftest -I/home/martin/ruby/include/ruby-1.9.1/i686-linux -I/home/martin/ruby/include/ruby-1.9.1/ruby/backward -I/home/martin/ruby/include/ruby-1.9.1 -I. -I/home/martin/openssl/include  -D_FILE_OFFSET_BITS=64   -O3 -ggdb -Wextra -Wno-unused-parameter -Wno-parentheses -Wpointer-arith -Wwrite-strings -Wno-missing-field-initializers -Wno-long-long   conftest.c  -L. -L/home/martin/ruby/lib -Wl,-R/home/martin/ruby/lib -L/home/martin/openssl/lib -Wl,-R/home/martin/openssl/lib -L.  -rdynamic -Wl,-export-dynamic      -lssl -lcrypto   -Wl,-R -Wl,/home/martin/ruby/lib -L/home/martin/ruby/lib -lruby-static  -lssl -lcrypto   -lpthread -lrt -ldl -lcrypt -lm   -lc"
checked program was:
/* begin */
1: #include "ruby.h"
2: 
3: /*top*/
4: int main() {return 0;}
5: int t() { BN_mod_sub(); return 0; }
/* end */

--------------------

have_func: checking for BN_pseudo_rand_range()... -------------------- yes

"gcc -o conftest -I/home/martin/ruby/include/ruby-1.9.1/i686-linux -I/home/martin/ruby/include/ruby-1.9.1/ruby/backward -I/home/martin/ruby/include/ruby-1.9.1 -I. -I/home/martin/openssl/include  -D_FILE_OFFSET_BITS=64   -O3 -ggdb -Wextra -Wno-unused-parameter -Wno-parentheses -Wpointer-arith -Wwrite-strings -Wno-missing-field-initializers -Wno-long-long   conftest.c  -L. -L/home/martin/ruby/lib -Wl,-R/home/martin/ruby/lib -L/home/martin/openssl/lib -Wl,-R/home/martin/openssl/lib -L.  -rdynamic -Wl,-export-dynamic      -lssl -lcrypto   -Wl,-R -Wl,/home/martin/ruby/lib -L/home/martin/ruby/lib -lruby-static  -lssl -lcrypto   -lpthread -lrt -ldl -lcrypt -lm   -lc"
conftest.c: In function ‘t’:
conftest.c:5: error: ‘BN_pseudo_rand_range’ undeclared (first use in this function)
conftest.c:5: error: (Each undeclared identifier is reported only once
conftest.c:5: error: for each function it appears in.)
checked program was:
/* begin */
1: #include "ruby.h"
2: 
3: /*top*/
4: int main() {return 0;}
5: int t() { void ((*volatile p)()); p = (void ((*)()))BN_pseudo_rand_range; return 0; }
/* end */

"gcc -o conftest -I/home/martin/ruby/include/ruby-1.9.1/i686-linux -I/home/martin/ruby/include/ruby-1.9.1/ruby/backward -I/home/martin/ruby/include/ruby-1.9.1 -I. -I/home/martin/openssl/include  -D_FILE_OFFSET_BITS=64   -O3 -ggdb -Wextra -Wno-unused-parameter -Wno-parentheses -Wpointer-arith -Wwrite-strings -Wno-missing-field-initializers -Wno-long-long   conftest.c  -L. -L/home/martin/ruby/lib -Wl,-R/home/martin/ruby/lib -L/home/martin/openssl/lib -Wl,-R/home/martin/openssl/lib -L.  -rdynamic -Wl,-export-dynamic      -lssl -lcrypto   -Wl,-R -Wl,/home/martin/ruby/lib -L/home/martin/ruby/lib -lruby-static  -lssl -lcrypto   -lpthread -lrt -ldl -lcrypt -lm   -lc"
checked program was:
/* begin */
1: #include "ruby.h"
2: 
3: /*top*/
4: int main() {return 0;}
5: int t() { BN_pseudo_rand_range(); return 0; }
/* end */

--------------------

have_func: checking for BN_rand_range()... -------------------- yes

"gcc -o conftest -I/home/martin/ruby/include/ruby-1.9.1/i686-linux -I/home/martin/ruby/include/ruby-1.9.1/ruby/backward -I/home/martin/ruby/include/ruby-1.9.1 -I. -I/home/martin/openssl/include  -D_FILE_OFFSET_BITS=64   -O3 -ggdb -Wextra -Wno-unused-parameter -Wno-parentheses -Wpointer-arith -Wwrite-strings -Wno-missing-field-initializers -Wno-long-long   conftest.c  -L. -L/home/martin/ruby/lib -Wl,-R/home/martin/ruby/lib -L/home/martin/openssl/lib -Wl,-R/home/martin/openssl/lib -L.  -rdynamic -Wl,-export-dynamic      -lssl -lcrypto   -Wl,-R -Wl,/home/martin/ruby/lib -L/home/martin/ruby/lib -lruby-static  -lssl -lcrypto   -lpthread -lrt -ldl -lcrypt -lm   -lc"
conftest.c: In function ‘t’:
conftest.c:5: error: ‘BN_rand_range’ undeclared (first use in this function)
conftest.c:5: error: (Each undeclared identifier is reported only once
conftest.c:5: error: for each function it appears in.)
checked program was:
/* begin */
1: #include "ruby.h"
2: 
3: /*top*/
4: int main() {return 0;}
5: int t() { void ((*volatile p)()); p = (void ((*)()))BN_rand_range; return 0; }
/* end */

"gcc -o conftest -I/home/martin/ruby/include/ruby-1.9.1/i686-linux -I/home/martin/ruby/include/ruby-1.9.1/ruby/backward -I/home/martin/ruby/include/ruby-1.9.1 -I. -I/home/martin/openssl/include  -D_FILE_OFFSET_BITS=64   -O3 -ggdb -Wextra -Wno-unused-parameter -Wno-parentheses -Wpointer-arith -Wwrite-strings -Wno-missing-field-initializers -Wno-long-long   conftest.c  -L. -L/home/martin/ruby/lib -Wl,-R/home/martin/ruby/lib -L/home/martin/openssl/lib -Wl,-R/home/martin/openssl/lib -L.  -rdynamic -Wl,-export-dynamic      -lssl -lcrypto   -Wl,-R -Wl,/home/martin/ruby/lib -L/home/martin/ruby/lib -lruby-static  -lssl -lcrypto   -lpthread -lrt -ldl -lcrypt -lm   -lc"
checked program was:
/* begin */
1: #include "ruby.h"
2: 
3: /*top*/
4: int main() {return 0;}
5: int t() { BN_rand_range(); return 0; }
/* end */

--------------------

have_func: checking for CONF_get1_default_config_file()... -------------------- yes

"gcc -o conftest -I/home/martin/ruby/include/ruby-1.9.1/i686-linux -I/home/martin/ruby/include/ruby-1.9.1/ruby/backward -I/home/martin/ruby/include/ruby-1.9.1 -I. -I/home/martin/openssl/include  -D_FILE_OFFSET_BITS=64   -O3 -ggdb -Wextra -Wno-unused-parameter -Wno-parentheses -Wpointer-arith -Wwrite-strings -Wno-missing-field-initializers -Wno-long-long   conftest.c  -L. -L/home/martin/ruby/lib -Wl,-R/home/martin/ruby/lib -L/home/martin/openssl/lib -Wl,-R/home/martin/openssl/lib -L.  -rdynamic -Wl,-export-dynamic      -lssl -lcrypto   -Wl,-R -Wl,/home/martin/ruby/lib -L/home/martin/ruby/lib -lruby-static  -lssl -lcrypto   -lpthread -lrt -ldl -lcrypt -lm   -lc"
conftest.c: In function ‘t’:
conftest.c:5: error: ‘CONF_get1_default_config_file’ undeclared (first use in this function)
conftest.c:5: error: (Each undeclared identifier is reported only once
conftest.c:5: error: for each function it appears in.)
checked program was:
/* begin */
1: #include "ruby.h"
2: 
3: /*top*/
4: int main() {return 0;}
5: int t() { void ((*volatile p)()); p = (void ((*)()))CONF_get1_default_config_file; return 0; }
/* end */

"gcc -o conftest -I/home/martin/ruby/include/ruby-1.9.1/i686-linux -I/home/martin/ruby/include/ruby-1.9.1/ruby/backward -I/home/martin/ruby/include/ruby-1.9.1 -I. -I/home/martin/openssl/include  -D_FILE_OFFSET_BITS=64   -O3 -ggdb -Wextra -Wno-unused-parameter -Wno-parentheses -Wpointer-arith -Wwrite-strings -Wno-missing-field-initializers -Wno-long-long   conftest.c  -L. -L/home/martin/ruby/lib -Wl,-R/home/martin/ruby/lib -L/home/martin/openssl/lib -Wl,-R/home/martin/openssl/lib -L.  -rdynamic -Wl,-export-dynamic      -lssl -lcrypto   -Wl,-R -Wl,/home/martin/ruby/lib -L/home/martin/ruby/lib -lruby-static  -lssl -lcrypto   -lpthread -lrt -ldl -lcrypt -lm   -lc"
checked program was:
/* begin */
1: #include "ruby.h"
2: 
3: /*top*/
4: int main() {return 0;}
5: int t() { CONF_get1_default_config_file(); return 0; }
/* end */

--------------------

have_func: checking for EVP_CIPHER_CTX_copy()... -------------------- yes

"gcc -o conftest -I/home/martin/ruby/include/ruby-1.9.1/i686-linux -I/home/martin/ruby/include/ruby-1.9.1/ruby/backward -I/home/martin/ruby/include/ruby-1.9.1 -I. -I/home/martin/openssl/include  -D_FILE_OFFSET_BITS=64   -O3 -ggdb -Wextra -Wno-unused-parameter -Wno-parentheses -Wpointer-arith -Wwrite-strings -Wno-missing-field-initializers -Wno-long-long   conftest.c  -L. -L/home/martin/ruby/lib -Wl,-R/home/martin/ruby/lib -L/home/martin/openssl/lib -Wl,-R/home/martin/openssl/lib -L.  -rdynamic -Wl,-export-dynamic      -lssl -lcrypto   -Wl,-R -Wl,/home/martin/ruby/lib -L/home/martin/ruby/lib -lruby-static  -lssl -lcrypto   -lpthread -lrt -ldl -lcrypt -lm   -lc"
conftest.c: In function ‘t’:
conftest.c:5: error: ‘EVP_CIPHER_CTX_copy’ undeclared (first use in this function)
conftest.c:5: error: (Each undeclared identifier is reported only once
conftest.c:5: error: for each function it appears in.)
checked program was:
/* begin */
1: #include "ruby.h"
2: 
3: /*top*/
4: int main() {return 0;}
5: int t() { void ((*volatile p)()); p = (void ((*)()))EVP_CIPHER_CTX_copy; return 0; }
/* end */

"gcc -o conftest -I/home/martin/ruby/include/ruby-1.9.1/i686-linux -I/home/martin/ruby/include/ruby-1.9.1/ruby/backward -I/home/martin/ruby/include/ruby-1.9.1 -I. -I/home/martin/openssl/include  -D_FILE_OFFSET_BITS=64   -O3 -ggdb -Wextra -Wno-unused-parameter -Wno-parentheses -Wpointer-arith -Wwrite-strings -Wno-missing-field-initializers -Wno-long-long   conftest.c  -L. -L/home/martin/ruby/lib -Wl,-R/home/martin/ruby/lib -L/home/martin/openssl/lib -Wl,-R/home/martin/openssl/lib -L.  -rdynamic -Wl,-export-dynamic      -lssl -lcrypto   -Wl,-R -Wl,/home/martin/ruby/lib -L/home/martin/ruby/lib -lruby-static  -lssl -lcrypto   -lpthread -lrt -ldl -lcrypt -lm   -lc"
checked program was:
/* begin */
1: #include "ruby.h"
2: 
3: /*top*/
4: int main() {return 0;}
5: int t() { EVP_CIPHER_CTX_copy(); return 0; }
/* end */

--------------------

have_func: checking for EVP_CIPHER_CTX_set_padding()... -------------------- yes

"gcc -o conftest -I/home/martin/ruby/include/ruby-1.9.1/i686-linux -I/home/martin/ruby/include/ruby-1.9.1/ruby/backward -I/home/martin/ruby/include/ruby-1.9.1 -I. -I/home/martin/openssl/include  -D_FILE_OFFSET_BITS=64   -O3 -ggdb -Wextra -Wno-unused-parameter -Wno-parentheses -Wpointer-arith -Wwrite-strings -Wno-missing-field-initializers -Wno-long-long   conftest.c  -L. -L/home/martin/ruby/lib -Wl,-R/home/martin/ruby/lib -L/home/martin/openssl/lib -Wl,-R/home/martin/openssl/lib -L.  -rdynamic -Wl,-export-dynamic      -lssl -lcrypto   -Wl,-R -Wl,/home/martin/ruby/lib -L/home/martin/ruby/lib -lruby-static  -lssl -lcrypto   -lpthread -lrt -ldl -lcrypt -lm   -lc"
conftest.c: In function ‘t’:
conftest.c:5: error: ‘EVP_CIPHER_CTX_set_padding’ undeclared (first use in this function)
conftest.c:5: error: (Each undeclared identifier is reported only once
conftest.c:5: error: for each function it appears in.)
checked program was:
/* begin */
1: #include "ruby.h"
2: 
3: /*top*/
4: int main() {return 0;}
5: int t() { void ((*volatile p)()); p = (void ((*)()))EVP_CIPHER_CTX_set_padding; return 0; }
/* end */

"gcc -o conftest -I/home/martin/ruby/include/ruby-1.9.1/i686-linux -I/home/martin/ruby/include/ruby-1.9.1/ruby/backward -I/home/martin/ruby/include/ruby-1.9.1 -I. -I/home/martin/openssl/include  -D_FILE_OFFSET_BITS=64   -O3 -ggdb -Wextra -Wno-unused-parameter -Wno-parentheses -Wpointer-arith -Wwrite-strings -Wno-missing-field-initializers -Wno-long-long   conftest.c  -L. -L/home/martin/ruby/lib -Wl,-R/home/martin/ruby/lib -L/home/martin/openssl/lib -Wl,-R/home/martin/openssl/lib -L.  -rdynamic -Wl,-export-dynamic      -lssl -lcrypto   -Wl,-R -Wl,/home/martin/ruby/lib -L/home/martin/ruby/lib -lruby-static  -lssl -lcrypto   -lpthread -lrt -ldl -lcrypt -lm   -lc"
checked program was:
/* begin */
1: #include "ruby.h"
2: 
3: /*top*/
4: int main() {return 0;}
5: int t() { EVP_CIPHER_CTX_set_padding(); return 0; }
/* end */

--------------------

have_func: checking for EVP_CipherFinal_ex()... -------------------- yes

"gcc -o conftest -I/home/martin/ruby/include/ruby-1.9.1/i686-linux -I/home/martin/ruby/include/ruby-1.9.1/ruby/backward -I/home/martin/ruby/include/ruby-1.9.1 -I. -I/home/martin/openssl/include  -D_FILE_OFFSET_BITS=64   -O3 -ggdb -Wextra -Wno-unused-parameter -Wno-parentheses -Wpointer-arith -Wwrite-strings -Wno-missing-field-initializers -Wno-long-long   conftest.c  -L. -L/home/martin/ruby/lib -Wl,-R/home/martin/ruby/lib -L/home/martin/openssl/lib -Wl,-R/home/martin/openssl/lib -L.  -rdynamic -Wl,-export-dynamic      -lssl -lcrypto   -Wl,-R -Wl,/home/martin/ruby/lib -L/home/martin/ruby/lib -lruby-static  -lssl -lcrypto   -lpthread -lrt -ldl -lcrypt -lm   -lc"
conftest.c: In function ‘t’:
conftest.c:5: error: ‘EVP_CipherFinal_ex’ undeclared (first use in this function)
conftest.c:5: error: (Each undeclared identifier is reported only once
conftest.c:5: error: for each function it appears in.)
checked program was:
/* begin */
1: #include "ruby.h"
2: 
3: /*top*/
4: int main() {return 0;}
5: int t() { void ((*volatile p)()); p = (void ((*)()))EVP_CipherFinal_ex; return 0; }
/* end */

"gcc -o conftest -I/home/martin/ruby/include/ruby-1.9.1/i686-linux -I/home/martin/ruby/include/ruby-1.9.1/ruby/backward -I/home/martin/ruby/include/ruby-1.9.1 -I. -I/home/martin/openssl/include  -D_FILE_OFFSET_BITS=64   -O3 -ggdb -Wextra -Wno-unused-parameter -Wno-parentheses -Wpointer-arith -Wwrite-strings -Wno-missing-field-initializers -Wno-long-long   conftest.c  -L. -L/home/martin/ruby/lib -Wl,-R/home/martin/ruby/lib -L/home/martin/openssl/lib -Wl,-R/home/martin/openssl/lib -L.  -rdynamic -Wl,-export-dynamic      -lssl -lcrypto   -Wl,-R -Wl,/home/martin/ruby/lib -L/home/martin/ruby/lib -lruby-static  -lssl -lcrypto   -lpthread -lrt -ldl -lcrypt -lm   -lc"
checked program was:
/* begin */
1: #include "ruby.h"
2: 
3: /*top*/
4: int main() {return 0;}
5: int t() { EVP_CipherFinal_ex(); return 0; }
/* end */

--------------------

have_func: checking for EVP_CipherInit_ex()... -------------------- yes

"gcc -o conftest -I/home/martin/ruby/include/ruby-1.9.1/i686-linux -I/home/martin/ruby/include/ruby-1.9.1/ruby/backward -I/home/martin/ruby/include/ruby-1.9.1 -I. -I/home/martin/openssl/include  -D_FILE_OFFSET_BITS=64   -O3 -ggdb -Wextra -Wno-unused-parameter -Wno-parentheses -Wpointer-arith -Wwrite-strings -Wno-missing-field-initializers -Wno-long-long   conftest.c  -L. -L/home/martin/ruby/lib -Wl,-R/home/martin/ruby/lib -L/home/martin/openssl/lib -Wl,-R/home/martin/openssl/lib -L.  -rdynamic -Wl,-export-dynamic      -lssl -lcrypto   -Wl,-R -Wl,/home/martin/ruby/lib -L/home/martin/ruby/lib -lruby-static  -lssl -lcrypto   -lpthread -lrt -ldl -lcrypt -lm   -lc"
conftest.c: In function ‘t’:
conftest.c:5: error: ‘EVP_CipherInit_ex’ undeclared (first use in this function)
conftest.c:5: error: (Each undeclared identifier is reported only once
conftest.c:5: error: for each function it appears in.)
checked program was:
/* begin */
1: #include "ruby.h"
2: 
3: /*top*/
4: int main() {return 0;}
5: int t() { void ((*volatile p)()); p = (void ((*)()))EVP_CipherInit_ex; return 0; }
/* end */

"gcc -o conftest -I/home/martin/ruby/include/ruby-1.9.1/i686-linux -I/home/martin/ruby/include/ruby-1.9.1/ruby/backward -I/home/martin/ruby/include/ruby-1.9.1 -I. -I/home/martin/openssl/include  -D_FILE_OFFSET_BITS=64   -O3 -ggdb -Wextra -Wno-unused-parameter -Wno-parentheses -Wpointer-arith -Wwrite-strings -Wno-missing-field-initializers -Wno-long-long   conftest.c  -L. -L/home/martin/ruby/lib -Wl,-R/home/martin/ruby/lib -L/home/martin/openssl/lib -Wl,-R/home/martin/openssl/lib -L.  -rdynamic -Wl,-export-dynamic      -lssl -lcrypto   -Wl,-R -Wl,/home/martin/ruby/lib -L/home/martin/ruby/lib -lruby-static  -lssl -lcrypto   -lpthread -lrt -ldl -lcrypt -lm   -lc"
checked program was:
/* begin */
1: #include "ruby.h"
2: 
3: /*top*/
4: int main() {return 0;}
5: int t() { EVP_CipherInit_ex(); return 0; }
/* end */

--------------------

have_func: checking for EVP_DigestFinal_ex()... -------------------- yes

"gcc -o conftest -I/home/martin/ruby/include/ruby-1.9.1/i686-linux -I/home/martin/ruby/include/ruby-1.9.1/ruby/backward -I/home/martin/ruby/include/ruby-1.9.1 -I. -I/home/martin/openssl/include  -D_FILE_OFFSET_BITS=64   -O3 -ggdb -Wextra -Wno-unused-parameter -Wno-parentheses -Wpointer-arith -Wwrite-strings -Wno-missing-field-initializers -Wno-long-long   conftest.c  -L. -L/home/martin/ruby/lib -Wl,-R/home/martin/ruby/lib -L/home/martin/openssl/lib -Wl,-R/home/martin/openssl/lib -L.  -rdynamic -Wl,-export-dynamic      -lssl -lcrypto   -Wl,-R -Wl,/home/martin/ruby/lib -L/home/martin/ruby/lib -lruby-static  -lssl -lcrypto   -lpthread -lrt -ldl -lcrypt -lm   -lc"
conftest.c: In function ‘t’:
conftest.c:5: error: ‘EVP_DigestFinal_ex’ undeclared (first use in this function)
conftest.c:5: error: (Each undeclared identifier is reported only once
conftest.c:5: error: for each function it appears in.)
checked program was:
/* begin */
1: #include "ruby.h"
2: 
3: /*top*/
4: int main() {return 0;}
5: int t() { void ((*volatile p)()); p = (void ((*)()))EVP_DigestFinal_ex; return 0; }
/* end */

"gcc -o conftest -I/home/martin/ruby/include/ruby-1.9.1/i686-linux -I/home/martin/ruby/include/ruby-1.9.1/ruby/backward -I/home/martin/ruby/include/ruby-1.9.1 -I. -I/home/martin/openssl/include  -D_FILE_OFFSET_BITS=64   -O3 -ggdb -Wextra -Wno-unused-parameter -Wno-parentheses -Wpointer-arith -Wwrite-strings -Wno-missing-field-initializers -Wno-long-long   conftest.c  -L. -L/home/martin/ruby/lib -Wl,-R/home/martin/ruby/lib -L/home/martin/openssl/lib -Wl,-R/home/martin/openssl/lib -L.  -rdynamic -Wl,-export-dynamic      -lssl -lcrypto   -Wl,-R -Wl,/home/martin/ruby/lib -L/home/martin/ruby/lib -lruby-static  -lssl -lcrypto   -lpthread -lrt -ldl -lcrypt -lm   -lc"
checked program was:
/* begin */
1: #include "ruby.h"
2: 
3: /*top*/
4: int main() {return 0;}
5: int t() { EVP_DigestFinal_ex(); return 0; }
/* end */

--------------------

have_func: checking for EVP_DigestInit_ex()... -------------------- yes

"gcc -o conftest -I/home/martin/ruby/include/ruby-1.9.1/i686-linux -I/home/martin/ruby/include/ruby-1.9.1/ruby/backward -I/home/martin/ruby/include/ruby-1.9.1 -I. -I/home/martin/openssl/include  -D_FILE_OFFSET_BITS=64   -O3 -ggdb -Wextra -Wno-unused-parameter -Wno-parentheses -Wpointer-arith -Wwrite-strings -Wno-missing-field-initializers -Wno-long-long   conftest.c  -L. -L/home/martin/ruby/lib -Wl,-R/home/martin/ruby/lib -L/home/martin/openssl/lib -Wl,-R/home/martin/openssl/lib -L.  -rdynamic -Wl,-export-dynamic      -lssl -lcrypto   -Wl,-R -Wl,/home/martin/ruby/lib -L/home/martin/ruby/lib -lruby-static  -lssl -lcrypto   -lpthread -lrt -ldl -lcrypt -lm   -lc"
conftest.c: In function ‘t’:
conftest.c:5: error: ‘EVP_DigestInit_ex’ undeclared (first use in this function)
conftest.c:5: error: (Each undeclared identifier is reported only once
conftest.c:5: error: for each function it appears in.)
checked program was:
/* begin */
1: #include "ruby.h"
2: 
3: /*top*/
4: int main() {return 0;}
5: int t() { void ((*volatile p)()); p = (void ((*)()))EVP_DigestInit_ex; return 0; }
/* end */

"gcc -o conftest -I/home/martin/ruby/include/ruby-1.9.1/i686-linux -I/home/martin/ruby/include/ruby-1.9.1/ruby/backward -I/home/martin/ruby/include/ruby-1.9.1 -I. -I/home/martin/openssl/include  -D_FILE_OFFSET_BITS=64   -O3 -ggdb -Wextra -Wno-unused-parameter -Wno-parentheses -Wpointer-arith -Wwrite-strings -Wno-missing-field-initializers -Wno-long-long   conftest.c  -L. -L/home/martin/ruby/lib -Wl,-R/home/martin/ruby/lib -L/home/martin/openssl/lib -Wl,-R/home/martin/openssl/lib -L.  -rdynamic -Wl,-export-dynamic      -lssl -lcrypto   -Wl,-R -Wl,/home/martin/ruby/lib -L/home/martin/ruby/lib -lruby-static  -lssl -lcrypto   -lpthread -lrt -ldl -lcrypt -lm   -lc"
checked program was:
/* begin */
1: #include "ruby.h"
2: 
3: /*top*/
4: int main() {return 0;}
5: int t() { EVP_DigestInit_ex(); return 0; }
/* end */

--------------------

have_func: checking for EVP_MD_CTX_cleanup()... -------------------- yes

"gcc -o conftest -I/home/martin/ruby/include/ruby-1.9.1/i686-linux -I/home/martin/ruby/include/ruby-1.9.1/ruby/backward -I/home/martin/ruby/include/ruby-1.9.1 -I. -I/home/martin/openssl/include  -D_FILE_OFFSET_BITS=64   -O3 -ggdb -Wextra -Wno-unused-parameter -Wno-parentheses -Wpointer-arith -Wwrite-strings -Wno-missing-field-initializers -Wno-long-long   conftest.c  -L. -L/home/martin/ruby/lib -Wl,-R/home/martin/ruby/lib -L/home/martin/openssl/lib -Wl,-R/home/martin/openssl/lib -L.  -rdynamic -Wl,-export-dynamic      -lssl -lcrypto   -Wl,-R -Wl,/home/martin/ruby/lib -L/home/martin/ruby/lib -lruby-static  -lssl -lcrypto   -lpthread -lrt -ldl -lcrypt -lm   -lc"
conftest.c: In function ‘t’:
conftest.c:5: error: ‘EVP_MD_CTX_cleanup’ undeclared (first use in this function)
conftest.c:5: error: (Each undeclared identifier is reported only once
conftest.c:5: error: for each function it appears in.)
checked program was:
/* begin */
1: #include "ruby.h"
2: 
3: /*top*/
4: int main() {return 0;}
5: int t() { void ((*volatile p)()); p = (void ((*)()))EVP_MD_CTX_cleanup; return 0; }
/* end */

"gcc -o conftest -I/home/martin/ruby/include/ruby-1.9.1/i686-linux -I/home/martin/ruby/include/ruby-1.9.1/ruby/backward -I/home/martin/ruby/include/ruby-1.9.1 -I. -I/home/martin/openssl/include  -D_FILE_OFFSET_BITS=64   -O3 -ggdb -Wextra -Wno-unused-parameter -Wno-parentheses -Wpointer-arith -Wwrite-strings -Wno-missing-field-initializers -Wno-long-long   conftest.c  -L. -L/home/martin/ruby/lib -Wl,-R/home/martin/ruby/lib -L/home/martin/openssl/lib -Wl,-R/home/martin/openssl/lib -L.  -rdynamic -Wl,-export-dynamic      -lssl -lcrypto   -Wl,-R -Wl,/home/martin/ruby/lib -L/home/martin/ruby/lib -lruby-static  -lssl -lcrypto   -lpthread -lrt -ldl -lcrypt -lm   -lc"
checked program was:
/* begin */
1: #include "ruby.h"
2: 
3: /*top*/
4: int main() {return 0;}
5: int t() { EVP_MD_CTX_cleanup(); return 0; }
/* end */

--------------------

have_func: checking for EVP_MD_CTX_create()... -------------------- yes

"gcc -o conftest -I/home/martin/ruby/include/ruby-1.9.1/i686-linux -I/home/martin/ruby/include/ruby-1.9.1/ruby/backward -I/home/martin/ruby/include/ruby-1.9.1 -I. -I/home/martin/openssl/include  -D_FILE_OFFSET_BITS=64   -O3 -ggdb -Wextra -Wno-unused-parameter -Wno-parentheses -Wpointer-arith -Wwrite-strings -Wno-missing-field-initializers -Wno-long-long   conftest.c  -L. -L/home/martin/ruby/lib -Wl,-R/home/martin/ruby/lib -L/home/martin/openssl/lib -Wl,-R/home/martin/openssl/lib -L.  -rdynamic -Wl,-export-dynamic      -lssl -lcrypto   -Wl,-R -Wl,/home/martin/ruby/lib -L/home/martin/ruby/lib -lruby-static  -lssl -lcrypto   -lpthread -lrt -ldl -lcrypt -lm   -lc"
conftest.c: In function ‘t’:
conftest.c:5: error: ‘EVP_MD_CTX_create’ undeclared (first use in this function)
conftest.c:5: error: (Each undeclared identifier is reported only once
conftest.c:5: error: for each function it appears in.)
checked program was:
/* begin */
1: #include "ruby.h"
2: 
3: /*top*/
4: int main() {return 0;}
5: int t() { void ((*volatile p)()); p = (void ((*)()))EVP_MD_CTX_create; return 0; }
/* end */

"gcc -o conftest -I/home/martin/ruby/include/ruby-1.9.1/i686-linux -I/home/martin/ruby/include/ruby-1.9.1/ruby/backward -I/home/martin/ruby/include/ruby-1.9.1 -I. -I/home/martin/openssl/include  -D_FILE_OFFSET_BITS=64   -O3 -ggdb -Wextra -Wno-unused-parameter -Wno-parentheses -Wpointer-arith -Wwrite-strings -Wno-missing-field-initializers -Wno-long-long   conftest.c  -L. -L/home/martin/ruby/lib -Wl,-R/home/martin/ruby/lib -L/home/martin/openssl/lib -Wl,-R/home/martin/openssl/lib -L.  -rdynamic -Wl,-export-dynamic      -lssl -lcrypto   -Wl,-R -Wl,/home/martin/ruby/lib -L/home/martin/ruby/lib -lruby-static  -lssl -lcrypto   -lpthread -lrt -ldl -lcrypt -lm   -lc"
checked program was:
/* begin */
1: #include "ruby.h"
2: 
3: /*top*/
4: int main() {return 0;}
5: int t() { EVP_MD_CTX_create(); return 0; }
/* end */

--------------------

have_func: checking for EVP_MD_CTX_destroy()... -------------------- yes

"gcc -o conftest -I/home/martin/ruby/include/ruby-1.9.1/i686-linux -I/home/martin/ruby/include/ruby-1.9.1/ruby/backward -I/home/martin/ruby/include/ruby-1.9.1 -I. -I/home/martin/openssl/include  -D_FILE_OFFSET_BITS=64   -O3 -ggdb -Wextra -Wno-unused-parameter -Wno-parentheses -Wpointer-arith -Wwrite-strings -Wno-missing-field-initializers -Wno-long-long   conftest.c  -L. -L/home/martin/ruby/lib -Wl,-R/home/martin/ruby/lib -L/home/martin/openssl/lib -Wl,-R/home/martin/openssl/lib -L.  -rdynamic -Wl,-export-dynamic      -lssl -lcrypto   -Wl,-R -Wl,/home/martin/ruby/lib -L/home/martin/ruby/lib -lruby-static  -lssl -lcrypto   -lpthread -lrt -ldl -lcrypt -lm   -lc"
conftest.c: In function ‘t’:
conftest.c:5: error: ‘EVP_MD_CTX_destroy’ undeclared (first use in this function)
conftest.c:5: error: (Each undeclared identifier is reported only once
conftest.c:5: error: for each function it appears in.)
checked program was:
/* begin */
1: #include "ruby.h"
2: 
3: /*top*/
4: int main() {return 0;}
5: int t() { void ((*volatile p)()); p = (void ((*)()))EVP_MD_CTX_destroy; return 0; }
/* end */

"gcc -o conftest -I/home/martin/ruby/include/ruby-1.9.1/i686-linux -I/home/martin/ruby/include/ruby-1.9.1/ruby/backward -I/home/martin/ruby/include/ruby-1.9.1 -I. -I/home/martin/openssl/include  -D_FILE_OFFSET_BITS=64   -O3 -ggdb -Wextra -Wno-unused-parameter -Wno-parentheses -Wpointer-arith -Wwrite-strings -Wno-missing-field-initializers -Wno-long-long   conftest.c  -L. -L/home/martin/ruby/lib -Wl,-R/home/martin/ruby/lib -L/home/martin/openssl/lib -Wl,-R/home/martin/openssl/lib -L.  -rdynamic -Wl,-export-dynamic      -lssl -lcrypto   -Wl,-R -Wl,/home/martin/ruby/lib -L/home/martin/ruby/lib -lruby-static  -lssl -lcrypto   -lpthread -lrt -ldl -lcrypt -lm   -lc"
checked program was:
/* begin */
1: #include "ruby.h"
2: 
3: /*top*/
4: int main() {return 0;}
5: int t() { EVP_MD_CTX_destroy(); return 0; }
/* end */

--------------------

have_func: checking for EVP_MD_CTX_init()... -------------------- yes

"gcc -o conftest -I/home/martin/ruby/include/ruby-1.9.1/i686-linux -I/home/martin/ruby/include/ruby-1.9.1/ruby/backward -I/home/martin/ruby/include/ruby-1.9.1 -I. -I/home/martin/openssl/include  -D_FILE_OFFSET_BITS=64   -O3 -ggdb -Wextra -Wno-unused-parameter -Wno-parentheses -Wpointer-arith -Wwrite-strings -Wno-missing-field-initializers -Wno-long-long   conftest.c  -L. -L/home/martin/ruby/lib -Wl,-R/home/martin/ruby/lib -L/home/martin/openssl/lib -Wl,-R/home/martin/openssl/lib -L.  -rdynamic -Wl,-export-dynamic      -lssl -lcrypto   -Wl,-R -Wl,/home/martin/ruby/lib -L/home/martin/ruby/lib -lruby-static  -lssl -lcrypto   -lpthread -lrt -ldl -lcrypt -lm   -lc"
conftest.c: In function ‘t’:
conftest.c:5: error: ‘EVP_MD_CTX_init’ undeclared (first use in this function)
conftest.c:5: error: (Each undeclared identifier is reported only once
conftest.c:5: error: for each function it appears in.)
checked program was:
/* begin */
1: #include "ruby.h"
2: 
3: /*top*/
4: int main() {return 0;}
5: int t() { void ((*volatile p)()); p = (void ((*)()))EVP_MD_CTX_init; return 0; }
/* end */

"gcc -o conftest -I/home/martin/ruby/include/ruby-1.9.1/i686-linux -I/home/martin/ruby/include/ruby-1.9.1/ruby/backward -I/home/martin/ruby/include/ruby-1.9.1 -I. -I/home/martin/openssl/include  -D_FILE_OFFSET_BITS=64   -O3 -ggdb -Wextra -Wno-unused-parameter -Wno-parentheses -Wpointer-arith -Wwrite-strings -Wno-missing-field-initializers -Wno-long-long   conftest.c  -L. -L/home/martin/ruby/lib -Wl,-R/home/martin/ruby/lib -L/home/martin/openssl/lib -Wl,-R/home/martin/openssl/lib -L.  -rdynamic -Wl,-export-dynamic      -lssl -lcrypto   -Wl,-R -Wl,/home/martin/ruby/lib -L/home/martin/ruby/lib -lruby-static  -lssl -lcrypto   -lpthread -lrt -ldl -lcrypt -lm   -lc"
checked program was:
/* begin */
1: #include "ruby.h"
2: 
3: /*top*/
4: int main() {return 0;}
5: int t() { EVP_MD_CTX_init(); return 0; }
/* end */

--------------------

have_func: checking for HMAC_CTX_cleanup()... -------------------- yes

"gcc -o conftest -I/home/martin/ruby/include/ruby-1.9.1/i686-linux -I/home/martin/ruby/include/ruby-1.9.1/ruby/backward -I/home/martin/ruby/include/ruby-1.9.1 -I. -I/home/martin/openssl/include  -D_FILE_OFFSET_BITS=64   -O3 -ggdb -Wextra -Wno-unused-parameter -Wno-parentheses -Wpointer-arith -Wwrite-strings -Wno-missing-field-initializers -Wno-long-long   conftest.c  -L. -L/home/martin/ruby/lib -Wl,-R/home/martin/ruby/lib -L/home/martin/openssl/lib -Wl,-R/home/martin/openssl/lib -L.  -rdynamic -Wl,-export-dynamic      -lssl -lcrypto   -Wl,-R -Wl,/home/martin/ruby/lib -L/home/martin/ruby/lib -lruby-static  -lssl -lcrypto   -lpthread -lrt -ldl -lcrypt -lm   -lc"
conftest.c: In function ‘t’:
conftest.c:5: error: ‘HMAC_CTX_cleanup’ undeclared (first use in this function)
conftest.c:5: error: (Each undeclared identifier is reported only once
conftest.c:5: error: for each function it appears in.)
checked program was:
/* begin */
1: #include "ruby.h"
2: 
3: /*top*/
4: int main() {return 0;}
5: int t() { void ((*volatile p)()); p = (void ((*)()))HMAC_CTX_cleanup; return 0; }
/* end */

"gcc -o conftest -I/home/martin/ruby/include/ruby-1.9.1/i686-linux -I/home/martin/ruby/include/ruby-1.9.1/ruby/backward -I/home/martin/ruby/include/ruby-1.9.1 -I. -I/home/martin/openssl/include  -D_FILE_OFFSET_BITS=64   -O3 -ggdb -Wextra -Wno-unused-parameter -Wno-parentheses -Wpointer-arith -Wwrite-strings -Wno-missing-field-initializers -Wno-long-long   conftest.c  -L. -L/home/martin/ruby/lib -Wl,-R/home/martin/ruby/lib -L/home/martin/openssl/lib -Wl,-R/home/martin/openssl/lib -L.  -rdynamic -Wl,-export-dynamic      -lssl -lcrypto   -Wl,-R -Wl,/home/martin/ruby/lib -L/home/martin/ruby/lib -lruby-static  -lssl -lcrypto   -lpthread -lrt -ldl -lcrypt -lm   -lc"
checked program was:
/* begin */
1: #include "ruby.h"
2: 
3: /*top*/
4: int main() {return 0;}
5: int t() { HMAC_CTX_cleanup(); return 0; }
/* end */

--------------------

have_func: checking for HMAC_CTX_copy()... -------------------- yes

"gcc -o conftest -I/home/martin/ruby/include/ruby-1.9.1/i686-linux -I/home/martin/ruby/include/ruby-1.9.1/ruby/backward -I/home/martin/ruby/include/ruby-1.9.1 -I. -I/home/martin/openssl/include  -D_FILE_OFFSET_BITS=64   -O3 -ggdb -Wextra -Wno-unused-parameter -Wno-parentheses -Wpointer-arith -Wwrite-strings -Wno-missing-field-initializers -Wno-long-long   conftest.c  -L. -L/home/martin/ruby/lib -Wl,-R/home/martin/ruby/lib -L/home/martin/openssl/lib -Wl,-R/home/martin/openssl/lib -L.  -rdynamic -Wl,-export-dynamic      -lssl -lcrypto   -Wl,-R -Wl,/home/martin/ruby/lib -L/home/martin/ruby/lib -lruby-static  -lssl -lcrypto   -lpthread -lrt -ldl -lcrypt -lm   -lc"
conftest.c: In function ‘t’:
conftest.c:5: error: ‘HMAC_CTX_copy’ undeclared (first use in this function)
conftest.c:5: error: (Each undeclared identifier is reported only once
conftest.c:5: error: for each function it appears in.)
checked program was:
/* begin */
1: #include "ruby.h"
2: 
3: /*top*/
4: int main() {return 0;}
5: int t() { void ((*volatile p)()); p = (void ((*)()))HMAC_CTX_copy; return 0; }
/* end */

"gcc -o conftest -I/home/martin/ruby/include/ruby-1.9.1/i686-linux -I/home/martin/ruby/include/ruby-1.9.1/ruby/backward -I/home/martin/ruby/include/ruby-1.9.1 -I. -I/home/martin/openssl/include  -D_FILE_OFFSET_BITS=64   -O3 -ggdb -Wextra -Wno-unused-parameter -Wno-parentheses -Wpointer-arith -Wwrite-strings -Wno-missing-field-initializers -Wno-long-long   conftest.c  -L. -L/home/martin/ruby/lib -Wl,-R/home/martin/ruby/lib -L/home/martin/openssl/lib -Wl,-R/home/martin/openssl/lib -L.  -rdynamic -Wl,-export-dynamic      -lssl -lcrypto   -Wl,-R -Wl,/home/martin/ruby/lib -L/home/martin/ruby/lib -lruby-static  -lssl -lcrypto   -lpthread -lrt -ldl -lcrypt -lm   -lc"
checked program was:
/* begin */
1: #include "ruby.h"
2: 
3: /*top*/
4: int main() {return 0;}
5: int t() { HMAC_CTX_copy(); return 0; }
/* end */

--------------------

have_func: checking for HMAC_CTX_init()... -------------------- yes

"gcc -o conftest -I/home/martin/ruby/include/ruby-1.9.1/i686-linux -I/home/martin/ruby/include/ruby-1.9.1/ruby/backward -I/home/martin/ruby/include/ruby-1.9.1 -I. -I/home/martin/openssl/include  -D_FILE_OFFSET_BITS=64   -O3 -ggdb -Wextra -Wno-unused-parameter -Wno-parentheses -Wpointer-arith -Wwrite-strings -Wno-missing-field-initializers -Wno-long-long   conftest.c  -L. -L/home/martin/ruby/lib -Wl,-R/home/martin/ruby/lib -L/home/martin/openssl/lib -Wl,-R/home/martin/openssl/lib -L.  -rdynamic -Wl,-export-dynamic      -lssl -lcrypto   -Wl,-R -Wl,/home/martin/ruby/lib -L/home/martin/ruby/lib -lruby-static  -lssl -lcrypto   -lpthread -lrt -ldl -lcrypt -lm   -lc"
conftest.c: In function ‘t’:
conftest.c:5: error: ‘HMAC_CTX_init’ undeclared (first use in this function)
conftest.c:5: error: (Each undeclared identifier is reported only once
conftest.c:5: error: for each function it appears in.)
checked program was:
/* begin */
1: #include "ruby.h"
2: 
3: /*top*/
4: int main() {return 0;}
5: int t() { void ((*volatile p)()); p = (void ((*)()))HMAC_CTX_init; return 0; }
/* end */

"gcc -o conftest -I/home/martin/ruby/include/ruby-1.9.1/i686-linux -I/home/martin/ruby/include/ruby-1.9.1/ruby/backward -I/home/martin/ruby/include/ruby-1.9.1 -I. -I/home/martin/openssl/include  -D_FILE_OFFSET_BITS=64   -O3 -ggdb -Wextra -Wno-unused-parameter -Wno-parentheses -Wpointer-arith -Wwrite-strings -Wno-missing-field-initializers -Wno-long-long   conftest.c  -L. -L/home/martin/ruby/lib -Wl,-R/home/martin/ruby/lib -L/home/martin/openssl/lib -Wl,-R/home/martin/openssl/lib -L.  -rdynamic -Wl,-export-dynamic      -lssl -lcrypto   -Wl,-R -Wl,/home/martin/ruby/lib -L/home/martin/ruby/lib -lruby-static  -lssl -lcrypto   -lpthread -lrt -ldl -lcrypt -lm   -lc"
checked program was:
/* begin */
1: #include "ruby.h"
2: 
3: /*top*/
4: int main() {return 0;}
5: int t() { HMAC_CTX_init(); return 0; }
/* end */

--------------------

have_func: checking for PEM_def_callback()... -------------------- yes

"gcc -o conftest -I/home/martin/ruby/include/ruby-1.9.1/i686-linux -I/home/martin/ruby/include/ruby-1.9.1/ruby/backward -I/home/martin/ruby/include/ruby-1.9.1 -I. -I/home/martin/openssl/include  -D_FILE_OFFSET_BITS=64   -O3 -ggdb -Wextra -Wno-unused-parameter -Wno-parentheses -Wpointer-arith -Wwrite-strings -Wno-missing-field-initializers -Wno-long-long   conftest.c  -L. -L/home/martin/ruby/lib -Wl,-R/home/martin/ruby/lib -L/home/martin/openssl/lib -Wl,-R/home/martin/openssl/lib -L.  -rdynamic -Wl,-export-dynamic      -lssl -lcrypto   -Wl,-R -Wl,/home/martin/ruby/lib -L/home/martin/ruby/lib -lruby-static  -lssl -lcrypto   -lpthread -lrt -ldl -lcrypt -lm   -lc"
conftest.c: In function ‘t’:
conftest.c:5: error: ‘PEM_def_callback’ undeclared (first use in this function)
conftest.c:5: error: (Each undeclared identifier is reported only once
conftest.c:5: error: for each function it appears in.)
checked program was:
/* begin */
1: #include "ruby.h"
2: 
3: /*top*/
4: int main() {return 0;}
5: int t() { void ((*volatile p)()); p = (void ((*)()))PEM_def_callback; return 0; }
/* end */

"gcc -o conftest -I/home/martin/ruby/include/ruby-1.9.1/i686-linux -I/home/martin/ruby/include/ruby-1.9.1/ruby/backward -I/home/martin/ruby/include/ruby-1.9.1 -I. -I/home/martin/openssl/include  -D_FILE_OFFSET_BITS=64   -O3 -ggdb -Wextra -Wno-unused-parameter -Wno-parentheses -Wpointer-arith -Wwrite-strings -Wno-missing-field-initializers -Wno-long-long   conftest.c  -L. -L/home/martin/ruby/lib -Wl,-R/home/martin/ruby/lib -L/home/martin/openssl/lib -Wl,-R/home/martin/openssl/lib -L.  -rdynamic -Wl,-export-dynamic      -lssl -lcrypto   -Wl,-R -Wl,/home/martin/ruby/lib -L/home/martin/ruby/lib -lruby-static  -lssl -lcrypto   -lpthread -lrt -ldl -lcrypt -lm   -lc"
checked program was:
/* begin */
1: #include "ruby.h"
2: 
3: /*top*/
4: int main() {return 0;}
5: int t() { PEM_def_callback(); return 0; }
/* end */

--------------------

have_func: checking for PKCS5_PBKDF2_HMAC()... -------------------- yes

"gcc -o conftest -I/home/martin/ruby/include/ruby-1.9.1/i686-linux -I/home/martin/ruby/include/ruby-1.9.1/ruby/backward -I/home/martin/ruby/include/ruby-1.9.1 -I. -I/home/martin/openssl/include  -D_FILE_OFFSET_BITS=64   -O3 -ggdb -Wextra -Wno-unused-parameter -Wno-parentheses -Wpointer-arith -Wwrite-strings -Wno-missing-field-initializers -Wno-long-long   conftest.c  -L. -L/home/martin/ruby/lib -Wl,-R/home/martin/ruby/lib -L/home/martin/openssl/lib -Wl,-R/home/martin/openssl/lib -L.  -rdynamic -Wl,-export-dynamic      -lssl -lcrypto   -Wl,-R -Wl,/home/martin/ruby/lib -L/home/martin/ruby/lib -lruby-static  -lssl -lcrypto   -lpthread -lrt -ldl -lcrypt -lm   -lc"
conftest.c: In function ‘t’:
conftest.c:5: error: ‘PKCS5_PBKDF2_HMAC’ undeclared (first use in this function)
conftest.c:5: error: (Each undeclared identifier is reported only once
conftest.c:5: error: for each function it appears in.)
checked program was:
/* begin */
1: #include "ruby.h"
2: 
3: /*top*/
4: int main() {return 0;}
5: int t() { void ((*volatile p)()); p = (void ((*)()))PKCS5_PBKDF2_HMAC; return 0; }
/* end */

"gcc -o conftest -I/home/martin/ruby/include/ruby-1.9.1/i686-linux -I/home/martin/ruby/include/ruby-1.9.1/ruby/backward -I/home/martin/ruby/include/ruby-1.9.1 -I. -I/home/martin/openssl/include  -D_FILE_OFFSET_BITS=64   -O3 -ggdb -Wextra -Wno-unused-parameter -Wno-parentheses -Wpointer-arith -Wwrite-strings -Wno-missing-field-initializers -Wno-long-long   conftest.c  -L. -L/home/martin/ruby/lib -Wl,-R/home/martin/ruby/lib -L/home/martin/openssl/lib -Wl,-R/home/martin/openssl/lib -L.  -rdynamic -Wl,-export-dynamic      -lssl -lcrypto   -Wl,-R -Wl,/home/martin/ruby/lib -L/home/martin/ruby/lib -lruby-static  -lssl -lcrypto   -lpthread -lrt -ldl -lcrypt -lm   -lc"
checked program was:
/* begin */
1: #include "ruby.h"
2: 
3: /*top*/
4: int main() {return 0;}
5: int t() { PKCS5_PBKDF2_HMAC(); return 0; }
/* end */

--------------------

have_func: checking for PKCS5_PBKDF2_HMAC_SHA1()... -------------------- yes

"gcc -o conftest -I/home/martin/ruby/include/ruby-1.9.1/i686-linux -I/home/martin/ruby/include/ruby-1.9.1/ruby/backward -I/home/martin/ruby/include/ruby-1.9.1 -I. -I/home/martin/openssl/include  -D_FILE_OFFSET_BITS=64   -O3 -ggdb -Wextra -Wno-unused-parameter -Wno-parentheses -Wpointer-arith -Wwrite-strings -Wno-missing-field-initializers -Wno-long-long   conftest.c  -L. -L/home/martin/ruby/lib -Wl,-R/home/martin/ruby/lib -L/home/martin/openssl/lib -Wl,-R/home/martin/openssl/lib -L.  -rdynamic -Wl,-export-dynamic      -lssl -lcrypto   -Wl,-R -Wl,/home/martin/ruby/lib -L/home/martin/ruby/lib -lruby-static  -lssl -lcrypto   -lpthread -lrt -ldl -lcrypt -lm   -lc"
conftest.c: In function ‘t’:
conftest.c:5: error: ‘PKCS5_PBKDF2_HMAC_SHA1’ undeclared (first use in this function)
conftest.c:5: error: (Each undeclared identifier is reported only once
conftest.c:5: error: for each function it appears in.)
checked program was:
/* begin */
1: #include "ruby.h"
2: 
3: /*top*/
4: int main() {return 0;}
5: int t() { void ((*volatile p)()); p = (void ((*)()))PKCS5_PBKDF2_HMAC_SHA1; return 0; }
/* end */

"gcc -o conftest -I/home/martin/ruby/include/ruby-1.9.1/i686-linux -I/home/martin/ruby/include/ruby-1.9.1/ruby/backward -I/home/martin/ruby/include/ruby-1.9.1 -I. -I/home/martin/openssl/include  -D_FILE_OFFSET_BITS=64   -O3 -ggdb -Wextra -Wno-unused-parameter -Wno-parentheses -Wpointer-arith -Wwrite-strings -Wno-missing-field-initializers -Wno-long-long   conftest.c  -L. -L/home/martin/ruby/lib -Wl,-R/home/martin/ruby/lib -L/home/martin/openssl/lib -Wl,-R/home/martin/openssl/lib -L.  -rdynamic -Wl,-export-dynamic      -lssl -lcrypto   -Wl,-R -Wl,/home/martin/ruby/lib -L/home/martin/ruby/lib -lruby-static  -lssl -lcrypto   -lpthread -lrt -ldl -lcrypt -lm   -lc"
checked program was:
/* begin */
1: #include "ruby.h"
2: 
3: /*top*/
4: int main() {return 0;}
5: int t() { PKCS5_PBKDF2_HMAC_SHA1(); return 0; }
/* end */

--------------------

have_func: checking for X509V3_set_nconf()... -------------------- yes

"gcc -o conftest -I/home/martin/ruby/include/ruby-1.9.1/i686-linux -I/home/martin/ruby/include/ruby-1.9.1/ruby/backward -I/home/martin/ruby/include/ruby-1.9.1 -I. -I/home/martin/openssl/include  -D_FILE_OFFSET_BITS=64   -O3 -ggdb -Wextra -Wno-unused-parameter -Wno-parentheses -Wpointer-arith -Wwrite-strings -Wno-missing-field-initializers -Wno-long-long   conftest.c  -L. -L/home/martin/ruby/lib -Wl,-R/home/martin/ruby/lib -L/home/martin/openssl/lib -Wl,-R/home/martin/openssl/lib -L.  -rdynamic -Wl,-export-dynamic      -lssl -lcrypto   -Wl,-R -Wl,/home/martin/ruby/lib -L/home/martin/ruby/lib -lruby-static  -lssl -lcrypto   -lpthread -lrt -ldl -lcrypt -lm   -lc"
conftest.c: In function ‘t’:
conftest.c:5: error: ‘X509V3_set_nconf’ undeclared (first use in this function)
conftest.c:5: error: (Each undeclared identifier is reported only once
conftest.c:5: error: for each function it appears in.)
checked program was:
/* begin */
1: #include "ruby.h"
2: 
3: /*top*/
4: int main() {return 0;}
5: int t() { void ((*volatile p)()); p = (void ((*)()))X509V3_set_nconf; return 0; }
/* end */

"gcc -o conftest -I/home/martin/ruby/include/ruby-1.9.1/i686-linux -I/home/martin/ruby/include/ruby-1.9.1/ruby/backward -I/home/martin/ruby/include/ruby-1.9.1 -I. -I/home/martin/openssl/include  -D_FILE_OFFSET_BITS=64   -O3 -ggdb -Wextra -Wno-unused-parameter -Wno-parentheses -Wpointer-arith -Wwrite-strings -Wno-missing-field-initializers -Wno-long-long   conftest.c  -L. -L/home/martin/ruby/lib -Wl,-R/home/martin/ruby/lib -L/home/martin/openssl/lib -Wl,-R/home/martin/openssl/lib -L.  -rdynamic -Wl,-export-dynamic      -lssl -lcrypto   -Wl,-R -Wl,/home/martin/ruby/lib -L/home/martin/ruby/lib -lruby-static  -lssl -lcrypto   -lpthread -lrt -ldl -lcrypt -lm   -lc"
checked program was:
/* begin */
1: #include "ruby.h"
2: 
3: /*top*/
4: int main() {return 0;}
5: int t() { X509V3_set_nconf(); return 0; }
/* end */

--------------------

have_func: checking for X509V3_EXT_nconf_nid()... -------------------- yes

"gcc -o conftest -I/home/martin/ruby/include/ruby-1.9.1/i686-linux -I/home/martin/ruby/include/ruby-1.9.1/ruby/backward -I/home/martin/ruby/include/ruby-1.9.1 -I. -I/home/martin/openssl/include  -D_FILE_OFFSET_BITS=64   -O3 -ggdb -Wextra -Wno-unused-parameter -Wno-parentheses -Wpointer-arith -Wwrite-strings -Wno-missing-field-initializers -Wno-long-long   conftest.c  -L. -L/home/martin/ruby/lib -Wl,-R/home/martin/ruby/lib -L/home/martin/openssl/lib -Wl,-R/home/martin/openssl/lib -L.  -rdynamic -Wl,-export-dynamic      -lssl -lcrypto   -Wl,-R -Wl,/home/martin/ruby/lib -L/home/martin/ruby/lib -lruby-static  -lssl -lcrypto   -lpthread -lrt -ldl -lcrypt -lm   -lc"
conftest.c: In function ‘t’:
conftest.c:5: error: ‘X509V3_EXT_nconf_nid’ undeclared (first use in this function)
conftest.c:5: error: (Each undeclared identifier is reported only once
conftest.c:5: error: for each function it appears in.)
checked program was:
/* begin */
1: #include "ruby.h"
2: 
3: /*top*/
4: int main() {return 0;}
5: int t() { void ((*volatile p)()); p = (void ((*)()))X509V3_EXT_nconf_nid; return 0; }
/* end */

"gcc -o conftest -I/home/martin/ruby/include/ruby-1.9.1/i686-linux -I/home/martin/ruby/include/ruby-1.9.1/ruby/backward -I/home/martin/ruby/include/ruby-1.9.1 -I. -I/home/martin/openssl/include  -D_FILE_OFFSET_BITS=64   -O3 -ggdb -Wextra -Wno-unused-parameter -Wno-parentheses -Wpointer-arith -Wwrite-strings -Wno-missing-field-initializers -Wno-long-long   conftest.c  -L. -L/home/martin/ruby/lib -Wl,-R/home/martin/ruby/lib -L/home/martin/openssl/lib -Wl,-R/home/martin/openssl/lib -L.  -rdynamic -Wl,-export-dynamic      -lssl -lcrypto   -Wl,-R -Wl,/home/martin/ruby/lib -L/home/martin/ruby/lib -lruby-static  -lssl -lcrypto   -lpthread -lrt -ldl -lcrypt -lm   -lc"
checked program was:
/* begin */
1: #include "ruby.h"
2: 
3: /*top*/
4: int main() {return 0;}
5: int t() { X509V3_EXT_nconf_nid(); return 0; }
/* end */

--------------------

have_func: checking for X509_CRL_add0_revoked()... -------------------- yes

"gcc -o conftest -I/home/martin/ruby/include/ruby-1.9.1/i686-linux -I/home/martin/ruby/include/ruby-1.9.1/ruby/backward -I/home/martin/ruby/include/ruby-1.9.1 -I. -I/home/martin/openssl/include  -D_FILE_OFFSET_BITS=64   -O3 -ggdb -Wextra -Wno-unused-parameter -Wno-parentheses -Wpointer-arith -Wwrite-strings -Wno-missing-field-initializers -Wno-long-long   conftest.c  -L. -L/home/martin/ruby/lib -Wl,-R/home/martin/ruby/lib -L/home/martin/openssl/lib -Wl,-R/home/martin/openssl/lib -L.  -rdynamic -Wl,-export-dynamic      -lssl -lcrypto   -Wl,-R -Wl,/home/martin/ruby/lib -L/home/martin/ruby/lib -lruby-static  -lssl -lcrypto   -lpthread -lrt -ldl -lcrypt -lm   -lc"
conftest.c: In function ‘t’:
conftest.c:5: error: ‘X509_CRL_add0_revoked’ undeclared (first use in this function)
conftest.c:5: error: (Each undeclared identifier is reported only once
conftest.c:5: error: for each function it appears in.)
checked program was:
/* begin */
1: #include "ruby.h"
2: 
3: /*top*/
4: int main() {return 0;}
5: int t() { void ((*volatile p)()); p = (void ((*)()))X509_CRL_add0_revoked; return 0; }
/* end */

"gcc -o conftest -I/home/martin/ruby/include/ruby-1.9.1/i686-linux -I/home/martin/ruby/include/ruby-1.9.1/ruby/backward -I/home/martin/ruby/include/ruby-1.9.1 -I. -I/home/martin/openssl/include  -D_FILE_OFFSET_BITS=64   -O3 -ggdb -Wextra -Wno-unused-parameter -Wno-parentheses -Wpointer-arith -Wwrite-strings -Wno-missing-field-initializers -Wno-long-long   conftest.c  -L. -L/home/martin/ruby/lib -Wl,-R/home/martin/ruby/lib -L/home/martin/openssl/lib -Wl,-R/home/martin/openssl/lib -L.  -rdynamic -Wl,-export-dynamic      -lssl -lcrypto   -Wl,-R -Wl,/home/martin/ruby/lib -L/home/martin/ruby/lib -lruby-static  -lssl -lcrypto   -lpthread -lrt -ldl -lcrypt -lm   -lc"
checked program was:
/* begin */
1: #include "ruby.h"
2: 
3: /*top*/
4: int main() {return 0;}
5: int t() { X509_CRL_add0_revoked(); return 0; }
/* end */

--------------------

have_func: checking for X509_CRL_set_issuer_name()... -------------------- yes

"gcc -o conftest -I/home/martin/ruby/include/ruby-1.9.1/i686-linux -I/home/martin/ruby/include/ruby-1.9.1/ruby/backward -I/home/martin/ruby/include/ruby-1.9.1 -I. -I/home/martin/openssl/include  -D_FILE_OFFSET_BITS=64   -O3 -ggdb -Wextra -Wno-unused-parameter -Wno-parentheses -Wpointer-arith -Wwrite-strings -Wno-missing-field-initializers -Wno-long-long   conftest.c  -L. -L/home/martin/ruby/lib -Wl,-R/home/martin/ruby/lib -L/home/martin/openssl/lib -Wl,-R/home/martin/openssl/lib -L.  -rdynamic -Wl,-export-dynamic      -lssl -lcrypto   -Wl,-R -Wl,/home/martin/ruby/lib -L/home/martin/ruby/lib -lruby-static  -lssl -lcrypto   -lpthread -lrt -ldl -lcrypt -lm   -lc"
conftest.c: In function ‘t’:
conftest.c:5: error: ‘X509_CRL_set_issuer_name’ undeclared (first use in this function)
conftest.c:5: error: (Each undeclared identifier is reported only once
conftest.c:5: error: for each function it appears in.)
checked program was:
/* begin */
1: #include "ruby.h"
2: 
3: /*top*/
4: int main() {return 0;}
5: int t() { void ((*volatile p)()); p = (void ((*)()))X509_CRL_set_issuer_name; return 0; }
/* end */

"gcc -o conftest -I/home/martin/ruby/include/ruby-1.9.1/i686-linux -I/home/martin/ruby/include/ruby-1.9.1/ruby/backward -I/home/martin/ruby/include/ruby-1.9.1 -I. -I/home/martin/openssl/include  -D_FILE_OFFSET_BITS=64   -O3 -ggdb -Wextra -Wno-unused-parameter -Wno-parentheses -Wpointer-arith -Wwrite-strings -Wno-missing-field-initializers -Wno-long-long   conftest.c  -L. -L/home/martin/ruby/lib -Wl,-R/home/martin/ruby/lib -L/home/martin/openssl/lib -Wl,-R/home/martin/openssl/lib -L.  -rdynamic -Wl,-export-dynamic      -lssl -lcrypto   -Wl,-R -Wl,/home/martin/ruby/lib -L/home/martin/ruby/lib -lruby-static  -lssl -lcrypto   -lpthread -lrt -ldl -lcrypt -lm   -lc"
checked program was:
/* begin */
1: #include "ruby.h"
2: 
3: /*top*/
4: int main() {return 0;}
5: int t() { X509_CRL_set_issuer_name(); return 0; }
/* end */

--------------------

have_func: checking for X509_CRL_set_version()... -------------------- yes

"gcc -o conftest -I/home/martin/ruby/include/ruby-1.9.1/i686-linux -I/home/martin/ruby/include/ruby-1.9.1/ruby/backward -I/home/martin/ruby/include/ruby-1.9.1 -I. -I/home/martin/openssl/include  -D_FILE_OFFSET_BITS=64   -O3 -ggdb -Wextra -Wno-unused-parameter -Wno-parentheses -Wpointer-arith -Wwrite-strings -Wno-missing-field-initializers -Wno-long-long   conftest.c  -L. -L/home/martin/ruby/lib -Wl,-R/home/martin/ruby/lib -L/home/martin/openssl/lib -Wl,-R/home/martin/openssl/lib -L.  -rdynamic -Wl,-export-dynamic      -lssl -lcrypto   -Wl,-R -Wl,/home/martin/ruby/lib -L/home/martin/ruby/lib -lruby-static  -lssl -lcrypto   -lpthread -lrt -ldl -lcrypt -lm   -lc"
conftest.c: In function ‘t’:
conftest.c:5: error: ‘X509_CRL_set_version’ undeclared (first use in this function)
conftest.c:5: error: (Each undeclared identifier is reported only once
conftest.c:5: error: for each function it appears in.)
checked program was:
/* begin */
1: #include "ruby.h"
2: 
3: /*top*/
4: int main() {return 0;}
5: int t() { void ((*volatile p)()); p = (void ((*)()))X509_CRL_set_version; return 0; }
/* end */

"gcc -o conftest -I/home/martin/ruby/include/ruby-1.9.1/i686-linux -I/home/martin/ruby/include/ruby-1.9.1/ruby/backward -I/home/martin/ruby/include/ruby-1.9.1 -I. -I/home/martin/openssl/include  -D_FILE_OFFSET_BITS=64   -O3 -ggdb -Wextra -Wno-unused-parameter -Wno-parentheses -Wpointer-arith -Wwrite-strings -Wno-missing-field-initializers -Wno-long-long   conftest.c  -L. -L/home/martin/ruby/lib -Wl,-R/home/martin/ruby/lib -L/home/martin/openssl/lib -Wl,-R/home/martin/openssl/lib -L.  -rdynamic -Wl,-export-dynamic      -lssl -lcrypto   -Wl,-R -Wl,/home/martin/ruby/lib -L/home/martin/ruby/lib -lruby-static  -lssl -lcrypto   -lpthread -lrt -ldl -lcrypt -lm   -lc"
checked program was:
/* begin */
1: #include "ruby.h"
2: 
3: /*top*/
4: int main() {return 0;}
5: int t() { X509_CRL_set_version(); return 0; }
/* end */

--------------------

have_func: checking for X509_CRL_sort()... -------------------- yes

"gcc -o conftest -I/home/martin/ruby/include/ruby-1.9.1/i686-linux -I/home/martin/ruby/include/ruby-1.9.1/ruby/backward -I/home/martin/ruby/include/ruby-1.9.1 -I. -I/home/martin/openssl/include  -D_FILE_OFFSET_BITS=64   -O3 -ggdb -Wextra -Wno-unused-parameter -Wno-parentheses -Wpointer-arith -Wwrite-strings -Wno-missing-field-initializers -Wno-long-long   conftest.c  -L. -L/home/martin/ruby/lib -Wl,-R/home/martin/ruby/lib -L/home/martin/openssl/lib -Wl,-R/home/martin/openssl/lib -L.  -rdynamic -Wl,-export-dynamic      -lssl -lcrypto   -Wl,-R -Wl,/home/martin/ruby/lib -L/home/martin/ruby/lib -lruby-static  -lssl -lcrypto   -lpthread -lrt -ldl -lcrypt -lm   -lc"
conftest.c: In function ‘t’:
conftest.c:5: error: ‘X509_CRL_sort’ undeclared (first use in this function)
conftest.c:5: error: (Each undeclared identifier is reported only once
conftest.c:5: error: for each function it appears in.)
checked program was:
/* begin */
1: #include "ruby.h"
2: 
3: /*top*/
4: int main() {return 0;}
5: int t() { void ((*volatile p)()); p = (void ((*)()))X509_CRL_sort; return 0; }
/* end */

"gcc -o conftest -I/home/martin/ruby/include/ruby-1.9.1/i686-linux -I/home/martin/ruby/include/ruby-1.9.1/ruby/backward -I/home/martin/ruby/include/ruby-1.9.1 -I. -I/home/martin/openssl/include  -D_FILE_OFFSET_BITS=64   -O3 -ggdb -Wextra -Wno-unused-parameter -Wno-parentheses -Wpointer-arith -Wwrite-strings -Wno-missing-field-initializers -Wno-long-long   conftest.c  -L. -L/home/martin/ruby/lib -Wl,-R/home/martin/ruby/lib -L/home/martin/openssl/lib -Wl,-R/home/martin/openssl/lib -L.  -rdynamic -Wl,-export-dynamic      -lssl -lcrypto   -Wl,-R -Wl,/home/martin/ruby/lib -L/home/martin/ruby/lib -lruby-static  -lssl -lcrypto   -lpthread -lrt -ldl -lcrypt -lm   -lc"
checked program was:
/* begin */
1: #include "ruby.h"
2: 
3: /*top*/
4: int main() {return 0;}
5: int t() { X509_CRL_sort(); return 0; }
/* end */

--------------------

have_func: checking for X509_STORE_get_ex_data()... -------------------- no

"gcc -o conftest -I/home/martin/ruby/include/ruby-1.9.1/i686-linux -I/home/martin/ruby/include/ruby-1.9.1/ruby/backward -I/home/martin/ruby/include/ruby-1.9.1 -I. -I/home/martin/openssl/include  -D_FILE_OFFSET_BITS=64   -O3 -ggdb -Wextra -Wno-unused-parameter -Wno-parentheses -Wpointer-arith -Wwrite-strings -Wno-missing-field-initializers -Wno-long-long   conftest.c  -L. -L/home/martin/ruby/lib -Wl,-R/home/martin/ruby/lib -L/home/martin/openssl/lib -Wl,-R/home/martin/openssl/lib -L.  -rdynamic -Wl,-export-dynamic      -lssl -lcrypto   -Wl,-R -Wl,/home/martin/ruby/lib -L/home/martin/ruby/lib -lruby-static  -lssl -lcrypto   -lpthread -lrt -ldl -lcrypt -lm   -lc"
conftest.c: In function ‘t’:
conftest.c:5: error: ‘X509_STORE_get_ex_data’ undeclared (first use in this function)
conftest.c:5: error: (Each undeclared identifier is reported only once
conftest.c:5: error: for each function it appears in.)
checked program was:
/* begin */
1: #include "ruby.h"
2: 
3: /*top*/
4: int main() {return 0;}
5: int t() { void ((*volatile p)()); p = (void ((*)()))X509_STORE_get_ex_data; return 0; }
/* end */

"gcc -o conftest -I/home/martin/ruby/include/ruby-1.9.1/i686-linux -I/home/martin/ruby/include/ruby-1.9.1/ruby/backward -I/home/martin/ruby/include/ruby-1.9.1 -I. -I/home/martin/openssl/include  -D_FILE_OFFSET_BITS=64   -O3 -ggdb -Wextra -Wno-unused-parameter -Wno-parentheses -Wpointer-arith -Wwrite-strings -Wno-missing-field-initializers -Wno-long-long   conftest.c  -L. -L/home/martin/ruby/lib -Wl,-R/home/martin/ruby/lib -L/home/martin/openssl/lib -Wl,-R/home/martin/openssl/lib -L.  -rdynamic -Wl,-export-dynamic      -lssl -lcrypto   -Wl,-R -Wl,/home/martin/ruby/lib -L/home/martin/ruby/lib -lruby-static  -lssl -lcrypto   -lpthread -lrt -ldl -lcrypt -lm   -lc"
/tmp/cc5S068r.o: In function `t':
/home/martin/Projekte/Ruby/ruby-openssl/ext/openssl/conftest.c:5: undefined reference to `X509_STORE_get_ex_data'
collect2: ld returned 1 exit status
checked program was:
/* begin */
1: #include "ruby.h"
2: 
3: /*top*/
4: int main() {return 0;}
5: int t() { X509_STORE_get_ex_data(); return 0; }
/* end */

--------------------

have_func: checking for X509_STORE_set_ex_data()... -------------------- no

"gcc -o conftest -I/home/martin/ruby/include/ruby-1.9.1/i686-linux -I/home/martin/ruby/include/ruby-1.9.1/ruby/backward -I/home/martin/ruby/include/ruby-1.9.1 -I. -I/home/martin/openssl/include  -D_FILE_OFFSET_BITS=64   -O3 -ggdb -Wextra -Wno-unused-parameter -Wno-parentheses -Wpointer-arith -Wwrite-strings -Wno-missing-field-initializers -Wno-long-long   conftest.c  -L. -L/home/martin/ruby/lib -Wl,-R/home/martin/ruby/lib -L/home/martin/openssl/lib -Wl,-R/home/martin/openssl/lib -L.  -rdynamic -Wl,-export-dynamic      -lssl -lcrypto   -Wl,-R -Wl,/home/martin/ruby/lib -L/home/martin/ruby/lib -lruby-static  -lssl -lcrypto   -lpthread -lrt -ldl -lcrypt -lm   -lc"
conftest.c: In function ‘t’:
conftest.c:5: error: ‘X509_STORE_set_ex_data’ undeclared (first use in this function)
conftest.c:5: error: (Each undeclared identifier is reported only once
conftest.c:5: error: for each function it appears in.)
checked program was:
/* begin */
1: #include "ruby.h"
2: 
3: /*top*/
4: int main() {return 0;}
5: int t() { void ((*volatile p)()); p = (void ((*)()))X509_STORE_set_ex_data; return 0; }
/* end */

"gcc -o conftest -I/home/martin/ruby/include/ruby-1.9.1/i686-linux -I/home/martin/ruby/include/ruby-1.9.1/ruby/backward -I/home/martin/ruby/include/ruby-1.9.1 -I. -I/home/martin/openssl/include  -D_FILE_OFFSET_BITS=64   -O3 -ggdb -Wextra -Wno-unused-parameter -Wno-parentheses -Wpointer-arith -Wwrite-strings -Wno-missing-field-initializers -Wno-long-long   conftest.c  -L. -L/home/martin/ruby/lib -Wl,-R/home/martin/ruby/lib -L/home/martin/openssl/lib -Wl,-R/home/martin/openssl/lib -L.  -rdynamic -Wl,-export-dynamic      -lssl -lcrypto   -Wl,-R -Wl,/home/martin/ruby/lib -L/home/martin/ruby/lib -lruby-static  -lssl -lcrypto   -lpthread -lrt -ldl -lcrypt -lm   -lc"
/tmp/cc58SupI.o: In function `t':
/home/martin/Projekte/Ruby/ruby-openssl/ext/openssl/conftest.c:5: undefined reference to `X509_STORE_set_ex_data'
collect2: ld returned 1 exit status
checked program was:
/* begin */
1: #include "ruby.h"
2: 
3: /*top*/
4: int main() {return 0;}
5: int t() { X509_STORE_set_ex_data(); return 0; }
/* end */

--------------------

have_func: checking for OBJ_NAME_do_all_sorted()... -------------------- yes

"gcc -o conftest -I/home/martin/ruby/include/ruby-1.9.1/i686-linux -I/home/martin/ruby/include/ruby-1.9.1/ruby/backward -I/home/martin/ruby/include/ruby-1.9.1 -I. -I/home/martin/openssl/include  -D_FILE_OFFSET_BITS=64   -O3 -ggdb -Wextra -Wno-unused-parameter -Wno-parentheses -Wpointer-arith -Wwrite-strings -Wno-missing-field-initializers -Wno-long-long   conftest.c  -L. -L/home/martin/ruby/lib -Wl,-R/home/martin/ruby/lib -L/home/martin/openssl/lib -Wl,-R/home/martin/openssl/lib -L.  -rdynamic -Wl,-export-dynamic      -lssl -lcrypto   -Wl,-R -Wl,/home/martin/ruby/lib -L/home/martin/ruby/lib -lruby-static  -lssl -lcrypto   -lpthread -lrt -ldl -lcrypt -lm   -lc"
conftest.c: In function ‘t’:
conftest.c:5: error: ‘OBJ_NAME_do_all_sorted’ undeclared (first use in this function)
conftest.c:5: error: (Each undeclared identifier is reported only once
conftest.c:5: error: for each function it appears in.)
checked program was:
/* begin */
1: #include "ruby.h"
2: 
3: /*top*/
4: int main() {return 0;}
5: int t() { void ((*volatile p)()); p = (void ((*)()))OBJ_NAME_do_all_sorted; return 0; }
/* end */

"gcc -o conftest -I/home/martin/ruby/include/ruby-1.9.1/i686-linux -I/home/martin/ruby/include/ruby-1.9.1/ruby/backward -I/home/martin/ruby/include/ruby-1.9.1 -I. -I/home/martin/openssl/include  -D_FILE_OFFSET_BITS=64   -O3 -ggdb -Wextra -Wno-unused-parameter -Wno-parentheses -Wpointer-arith -Wwrite-strings -Wno-missing-field-initializers -Wno-long-long   conftest.c  -L. -L/home/martin/ruby/lib -Wl,-R/home/martin/ruby/lib -L/home/martin/openssl/lib -Wl,-R/home/martin/openssl/lib -L.  -rdynamic -Wl,-export-dynamic      -lssl -lcrypto   -Wl,-R -Wl,/home/martin/ruby/lib -L/home/martin/ruby/lib -lruby-static  -lssl -lcrypto   -lpthread -lrt -ldl -lcrypt -lm   -lc"
checked program was:
/* begin */
1: #include "ruby.h"
2: 
3: /*top*/
4: int main() {return 0;}
5: int t() { OBJ_NAME_do_all_sorted(); return 0; }
/* end */

--------------------

have_func: checking for SSL_SESSION_get_id()... -------------------- yes

"gcc -o conftest -I/home/martin/ruby/include/ruby-1.9.1/i686-linux -I/home/martin/ruby/include/ruby-1.9.1/ruby/backward -I/home/martin/ruby/include/ruby-1.9.1 -I. -I/home/martin/openssl/include  -D_FILE_OFFSET_BITS=64   -O3 -ggdb -Wextra -Wno-unused-parameter -Wno-parentheses -Wpointer-arith -Wwrite-strings -Wno-missing-field-initializers -Wno-long-long   conftest.c  -L. -L/home/martin/ruby/lib -Wl,-R/home/martin/ruby/lib -L/home/martin/openssl/lib -Wl,-R/home/martin/openssl/lib -L.  -rdynamic -Wl,-export-dynamic      -lssl -lcrypto   -Wl,-R -Wl,/home/martin/ruby/lib -L/home/martin/ruby/lib -lruby-static  -lssl -lcrypto   -lpthread -lrt -ldl -lcrypt -lm   -lc"
conftest.c: In function ‘t’:
conftest.c:5: error: ‘SSL_SESSION_get_id’ undeclared (first use in this function)
conftest.c:5: error: (Each undeclared identifier is reported only once
conftest.c:5: error: for each function it appears in.)
checked program was:
/* begin */
1: #include "ruby.h"
2: 
3: /*top*/
4: int main() {return 0;}
5: int t() { void ((*volatile p)()); p = (void ((*)()))SSL_SESSION_get_id; return 0; }
/* end */

"gcc -o conftest -I/home/martin/ruby/include/ruby-1.9.1/i686-linux -I/home/martin/ruby/include/ruby-1.9.1/ruby/backward -I/home/martin/ruby/include/ruby-1.9.1 -I. -I/home/martin/openssl/include  -D_FILE_OFFSET_BITS=64   -O3 -ggdb -Wextra -Wno-unused-parameter -Wno-parentheses -Wpointer-arith -Wwrite-strings -Wno-missing-field-initializers -Wno-long-long   conftest.c  -L. -L/home/martin/ruby/lib -Wl,-R/home/martin/ruby/lib -L/home/martin/openssl/lib -Wl,-R/home/martin/openssl/lib -L.  -rdynamic -Wl,-export-dynamic      -lssl -lcrypto   -Wl,-R -Wl,/home/martin/ruby/lib -L/home/martin/ruby/lib -lruby-static  -lssl -lcrypto   -lpthread -lrt -ldl -lcrypt -lm   -lc"
checked program was:
/* begin */
1: #include "ruby.h"
2: 
3: /*top*/
4: int main() {return 0;}
5: int t() { SSL_SESSION_get_id(); return 0; }
/* end */

--------------------

have_func: checking for SSL_SESSION_cmp()... -------------------- no

"gcc -o conftest -I/home/martin/ruby/include/ruby-1.9.1/i686-linux -I/home/martin/ruby/include/ruby-1.9.1/ruby/backward -I/home/martin/ruby/include/ruby-1.9.1 -I. -I/home/martin/openssl/include  -D_FILE_OFFSET_BITS=64   -O3 -ggdb -Wextra -Wno-unused-parameter -Wno-parentheses -Wpointer-arith -Wwrite-strings -Wno-missing-field-initializers -Wno-long-long   conftest.c  -L. -L/home/martin/ruby/lib -Wl,-R/home/martin/ruby/lib -L/home/martin/openssl/lib -Wl,-R/home/martin/openssl/lib -L.  -rdynamic -Wl,-export-dynamic      -lssl -lcrypto   -Wl,-R -Wl,/home/martin/ruby/lib -L/home/martin/ruby/lib -lruby-static  -lssl -lcrypto   -lpthread -lrt -ldl -lcrypt -lm   -lc"
conftest.c: In function ‘t’:
conftest.c:5: error: ‘SSL_SESSION_cmp’ undeclared (first use in this function)
conftest.c:5: error: (Each undeclared identifier is reported only once
conftest.c:5: error: for each function it appears in.)
checked program was:
/* begin */
1: #include "ruby.h"
2: 
3: /*top*/
4: int main() {return 0;}
5: int t() { void ((*volatile p)()); p = (void ((*)()))SSL_SESSION_cmp; return 0; }
/* end */

"gcc -o conftest -I/home/martin/ruby/include/ruby-1.9.1/i686-linux -I/home/martin/ruby/include/ruby-1.9.1/ruby/backward -I/home/martin/ruby/include/ruby-1.9.1 -I. -I/home/martin/openssl/include  -D_FILE_OFFSET_BITS=64   -O3 -ggdb -Wextra -Wno-unused-parameter -Wno-parentheses -Wpointer-arith -Wwrite-strings -Wno-missing-field-initializers -Wno-long-long   conftest.c  -L. -L/home/martin/ruby/lib -Wl,-R/home/martin/ruby/lib -L/home/martin/openssl/lib -Wl,-R/home/martin/openssl/lib -L.  -rdynamic -Wl,-export-dynamic      -lssl -lcrypto   -Wl,-R -Wl,/home/martin/ruby/lib -L/home/martin/ruby/lib -lruby-static  -lssl -lcrypto   -lpthread -lrt -ldl -lcrypt -lm   -lc"
/tmp/cc8UgBdG.o: In function `t':
/home/martin/Projekte/Ruby/ruby-openssl/ext/openssl/conftest.c:5: undefined reference to `SSL_SESSION_cmp'
collect2: ld returned 1 exit status
checked program was:
/* begin */
1: #include "ruby.h"
2: 
3: /*top*/
4: int main() {return 0;}
5: int t() { SSL_SESSION_cmp(); return 0; }
/* end */

--------------------

have_func: checking for OPENSSL_cleanse()... -------------------- yes

"gcc -o conftest -I/home/martin/ruby/include/ruby-1.9.1/i686-linux -I/home/martin/ruby/include/ruby-1.9.1/ruby/backward -I/home/martin/ruby/include/ruby-1.9.1 -I. -I/home/martin/openssl/include  -D_FILE_OFFSET_BITS=64   -O3 -ggdb -Wextra -Wno-unused-parameter -Wno-parentheses -Wpointer-arith -Wwrite-strings -Wno-missing-field-initializers -Wno-long-long   conftest.c  -L. -L/home/martin/ruby/lib -Wl,-R/home/martin/ruby/lib -L/home/martin/openssl/lib -Wl,-R/home/martin/openssl/lib -L.  -rdynamic -Wl,-export-dynamic      -lssl -lcrypto   -Wl,-R -Wl,/home/martin/ruby/lib -L/home/martin/ruby/lib -lruby-static  -lssl -lcrypto   -lpthread -lrt -ldl -lcrypt -lm   -lc"
conftest.c: In function ‘t’:
conftest.c:5: error: ‘OPENSSL_cleanse’ undeclared (first use in this function)
conftest.c:5: error: (Each undeclared identifier is reported only once
conftest.c:5: error: for each function it appears in.)
checked program was:
/* begin */
1: #include "ruby.h"
2: 
3: /*top*/
4: int main() {return 0;}
5: int t() { void ((*volatile p)()); p = (void ((*)()))OPENSSL_cleanse; return 0; }
/* end */

"gcc -o conftest -I/home/martin/ruby/include/ruby-1.9.1/i686-linux -I/home/martin/ruby/include/ruby-1.9.1/ruby/backward -I/home/martin/ruby/include/ruby-1.9.1 -I. -I/home/martin/openssl/include  -D_FILE_OFFSET_BITS=64   -O3 -ggdb -Wextra -Wno-unused-parameter -Wno-parentheses -Wpointer-arith -Wwrite-strings -Wno-missing-field-initializers -Wno-long-long   conftest.c  -L. -L/home/martin/ruby/lib -Wl,-R/home/martin/ruby/lib -L/home/martin/openssl/lib -Wl,-R/home/martin/openssl/lib -L.  -rdynamic -Wl,-export-dynamic      -lssl -lcrypto   -Wl,-R -Wl,/home/martin/ruby/lib -L/home/martin/ruby/lib -lruby-static  -lssl -lcrypto   -lpthread -lrt -ldl -lcrypt -lm   -lc"
checked program was:
/* begin */
1: #include "ruby.h"
2: 
3: /*top*/
4: int main() {return 0;}
5: int t() { OPENSSL_cleanse(); return 0; }
/* end */

--------------------

have_func: checking for SSL_set_tlsext_host_name() in openssl/ssl.h... -------------------- no

"gcc -o conftest -I/home/martin/ruby/include/ruby-1.9.1/i686-linux -I/home/martin/ruby/include/ruby-1.9.1/ruby/backward -I/home/martin/ruby/include/ruby-1.9.1 -I. -I/home/martin/openssl/include  -D_FILE_OFFSET_BITS=64   -O3 -ggdb -Wextra -Wno-unused-parameter -Wno-parentheses -Wpointer-arith -Wwrite-strings -Wno-missing-field-initializers -Wno-long-long   conftest.c  -L. -L/home/martin/ruby/lib -Wl,-R/home/martin/ruby/lib -L/home/martin/openssl/lib -Wl,-R/home/martin/openssl/lib -L.  -rdynamic -Wl,-export-dynamic      -lssl -lcrypto   -Wl,-R -Wl,/home/martin/ruby/lib -L/home/martin/ruby/lib -lruby-static  -lssl -lcrypto   -lpthread -lrt -ldl -lcrypt -lm   -lc"
conftest.c: In function ‘t’:
conftest.c:7: error: ‘SSL_set_tlsext_host_name’ undeclared (first use in this function)
conftest.c:7: error: (Each undeclared identifier is reported only once
conftest.c:7: error: for each function it appears in.)
checked program was:
/* begin */
1: #include "ruby.h"
2: 
3: #include <openssl/ssl.h>
4: 
5: /*top*/
6: int main() {return 0;}
7: int t() { void ((*volatile p)()); p = (void ((*)()))SSL_set_tlsext_host_name; return 0; }
/* end */

"gcc -o conftest -I/home/martin/ruby/include/ruby-1.9.1/i686-linux -I/home/martin/ruby/include/ruby-1.9.1/ruby/backward -I/home/martin/ruby/include/ruby-1.9.1 -I. -I/home/martin/openssl/include  -D_FILE_OFFSET_BITS=64   -O3 -ggdb -Wextra -Wno-unused-parameter -Wno-parentheses -Wpointer-arith -Wwrite-strings -Wno-missing-field-initializers -Wno-long-long   conftest.c  -L. -L/home/martin/ruby/lib -Wl,-R/home/martin/ruby/lib -L/home/martin/openssl/lib -Wl,-R/home/martin/openssl/lib -L.  -rdynamic -Wl,-export-dynamic      -lssl -lcrypto   -Wl,-R -Wl,/home/martin/ruby/lib -L/home/martin/ruby/lib -lruby-static  -lssl -lcrypto   -lpthread -lrt -ldl -lcrypt -lm   -lc"
conftest.c:7:36: error: macro "SSL_set_tlsext_host_name" requires 2 arguments, but only 1 given
conftest.c: In function ‘t’:
conftest.c:7: error: ‘SSL_set_tlsext_host_name’ undeclared (first use in this function)
conftest.c:7: error: (Each undeclared identifier is reported only once
conftest.c:7: error: for each function it appears in.)
checked program was:
/* begin */
1: #include "ruby.h"
2: 
3: #include <openssl/ssl.h>
4: 
5: /*top*/
6: int main() {return 0;}
7: int t() { SSL_set_tlsext_host_name(); return 0; }
/* end */

--------------------

have_macro: checking for SSL_set_tlsext_host_name in openssl/ssl.h... -------------------- yes

"gcc -I/home/martin/ruby/include/ruby-1.9.1/i686-linux -I/home/martin/ruby/include/ruby-1.9.1/ruby/backward -I/home/martin/ruby/include/ruby-1.9.1 -I. -I/home/martin/openssl/include  -D_FILE_OFFSET_BITS=64   -O3 -ggdb -Wextra -Wno-unused-parameter -Wno-parentheses -Wpointer-arith -Wwrite-strings -Wno-missing-field-initializers -Wno-long-long     -c conftest.c"
checked program was:
/* begin */
1: #include "ruby.h"
2: 
3: #include <openssl/ssl.h>
4: /*top*/
5: #ifndef SSL_set_tlsext_host_name
6: # error
7: >>>>>> SSL_set_tlsext_host_name undefined <<<<<<
8: #endif
/* end */

--------------------

have_header: checking for openssl/engine.h... -------------------- yes

"gcc -E -I/home/martin/ruby/include/ruby-1.9.1/i686-linux -I/home/martin/ruby/include/ruby-1.9.1/ruby/backward -I/home/martin/ruby/include/ruby-1.9.1 -I. -I/home/martin/openssl/include  -D_FILE_OFFSET_BITS=64   -O3 -ggdb -Wextra -Wno-unused-parameter -Wno-parentheses -Wpointer-arith -Wwrite-strings -Wno-missing-field-initializers -Wno-long-long    conftest.c -o conftest.i"
checked program was:
/* begin */
1: #include "ruby.h"
2: 
3: #include <openssl/engine.h>
/* end */

--------------------

have_func: checking for ENGINE_add()... -------------------- yes

"gcc -o conftest -I/home/martin/ruby/include/ruby-1.9.1/i686-linux -I/home/martin/ruby/include/ruby-1.9.1/ruby/backward -I/home/martin/ruby/include/ruby-1.9.1 -I. -I/home/martin/openssl/include  -D_FILE_OFFSET_BITS=64   -O3 -ggdb -Wextra -Wno-unused-parameter -Wno-parentheses -Wpointer-arith -Wwrite-strings -Wno-missing-field-initializers -Wno-long-long   conftest.c  -L. -L/home/martin/ruby/lib -Wl,-R/home/martin/ruby/lib -L/home/martin/openssl/lib -Wl,-R/home/martin/openssl/lib -L.  -rdynamic -Wl,-export-dynamic      -lssl -lcrypto   -Wl,-R -Wl,/home/martin/ruby/lib -L/home/martin/ruby/lib -lruby-static  -lssl -lcrypto   -lpthread -lrt -ldl -lcrypt -lm   -lc"
conftest.c: In function ‘t’:
conftest.c:5: error: ‘ENGINE_add’ undeclared (first use in this function)
conftest.c:5: error: (Each undeclared identifier is reported only once
conftest.c:5: error: for each function it appears in.)
checked program was:
/* begin */
1: #include "ruby.h"
2: 
3: /*top*/
4: int main() {return 0;}
5: int t() { void ((*volatile p)()); p = (void ((*)()))ENGINE_add; return 0; }
/* end */

"gcc -o conftest -I/home/martin/ruby/include/ruby-1.9.1/i686-linux -I/home/martin/ruby/include/ruby-1.9.1/ruby/backward -I/home/martin/ruby/include/ruby-1.9.1 -I. -I/home/martin/openssl/include  -D_FILE_OFFSET_BITS=64   -O3 -ggdb -Wextra -Wno-unused-parameter -Wno-parentheses -Wpointer-arith -Wwrite-strings -Wno-missing-field-initializers -Wno-long-long   conftest.c  -L. -L/home/martin/ruby/lib -Wl,-R/home/martin/ruby/lib -L/home/martin/openssl/lib -Wl,-R/home/martin/openssl/lib -L.  -rdynamic -Wl,-export-dynamic      -lssl -lcrypto   -Wl,-R -Wl,/home/martin/ruby/lib -L/home/martin/ruby/lib -lruby-static  -lssl -lcrypto   -lpthread -lrt -ldl -lcrypt -lm   -lc"
checked program was:
/* begin */
1: #include "ruby.h"
2: 
3: /*top*/
4: int main() {return 0;}
5: int t() { ENGINE_add(); return 0; }
/* end */

--------------------

have_func: checking for ENGINE_load_builtin_engines()... -------------------- yes

"gcc -o conftest -I/home/martin/ruby/include/ruby-1.9.1/i686-linux -I/home/martin/ruby/include/ruby-1.9.1/ruby/backward -I/home/martin/ruby/include/ruby-1.9.1 -I. -I/home/martin/openssl/include  -D_FILE_OFFSET_BITS=64   -O3 -ggdb -Wextra -Wno-unused-parameter -Wno-parentheses -Wpointer-arith -Wwrite-strings -Wno-missing-field-initializers -Wno-long-long   conftest.c  -L. -L/home/martin/ruby/lib -Wl,-R/home/martin/ruby/lib -L/home/martin/openssl/lib -Wl,-R/home/martin/openssl/lib -L.  -rdynamic -Wl,-export-dynamic      -lssl -lcrypto   -Wl,-R -Wl,/home/martin/ruby/lib -L/home/martin/ruby/lib -lruby-static  -lssl -lcrypto   -lpthread -lrt -ldl -lcrypt -lm   -lc"
conftest.c: In function ‘t’:
conftest.c:5: error: ‘ENGINE_load_builtin_engines’ undeclared (first use in this function)
conftest.c:5: error: (Each undeclared identifier is reported only once
conftest.c:5: error: for each function it appears in.)
checked program was:
/* begin */
1: #include "ruby.h"
2: 
3: /*top*/
4: int main() {return 0;}
5: int t() { void ((*volatile p)()); p = (void ((*)()))ENGINE_load_builtin_engines; return 0; }
/* end */

"gcc -o conftest -I/home/martin/ruby/include/ruby-1.9.1/i686-linux -I/home/martin/ruby/include/ruby-1.9.1/ruby/backward -I/home/martin/ruby/include/ruby-1.9.1 -I. -I/home/martin/openssl/include  -D_FILE_OFFSET_BITS=64   -O3 -ggdb -Wextra -Wno-unused-parameter -Wno-parentheses -Wpointer-arith -Wwrite-strings -Wno-missing-field-initializers -Wno-long-long   conftest.c  -L. -L/home/martin/ruby/lib -Wl,-R/home/martin/ruby/lib -L/home/martin/openssl/lib -Wl,-R/home/martin/openssl/lib -L.  -rdynamic -Wl,-export-dynamic      -lssl -lcrypto   -Wl,-R -Wl,/home/martin/ruby/lib -L/home/martin/ruby/lib -lruby-static  -lssl -lcrypto   -lpthread -lrt -ldl -lcrypt -lm   -lc"
checked program was:
/* begin */
1: #include "ruby.h"
2: 
3: /*top*/
4: int main() {return 0;}
5: int t() { ENGINE_load_builtin_engines(); return 0; }
/* end */

--------------------

have_func: checking for ENGINE_load_openbsd_dev_crypto()... -------------------- no

"gcc -o conftest -I/home/martin/ruby/include/ruby-1.9.1/i686-linux -I/home/martin/ruby/include/ruby-1.9.1/ruby/backward -I/home/martin/ruby/include/ruby-1.9.1 -I. -I/home/martin/openssl/include  -D_FILE_OFFSET_BITS=64   -O3 -ggdb -Wextra -Wno-unused-parameter -Wno-parentheses -Wpointer-arith -Wwrite-strings -Wno-missing-field-initializers -Wno-long-long   conftest.c  -L. -L/home/martin/ruby/lib -Wl,-R/home/martin/ruby/lib -L/home/martin/openssl/lib -Wl,-R/home/martin/openssl/lib -L.  -rdynamic -Wl,-export-dynamic      -lssl -lcrypto   -Wl,-R -Wl,/home/martin/ruby/lib -L/home/martin/ruby/lib -lruby-static  -lssl -lcrypto   -lpthread -lrt -ldl -lcrypt -lm   -lc"
conftest.c: In function ‘t’:
conftest.c:5: error: ‘ENGINE_load_openbsd_dev_crypto’ undeclared (first use in this function)
conftest.c:5: error: (Each undeclared identifier is reported only once
conftest.c:5: error: for each function it appears in.)
checked program was:
/* begin */
1: #include "ruby.h"
2: 
3: /*top*/
4: int main() {return 0;}
5: int t() { void ((*volatile p)()); p = (void ((*)()))ENGINE_load_openbsd_dev_crypto; return 0; }
/* end */

"gcc -o conftest -I/home/martin/ruby/include/ruby-1.9.1/i686-linux -I/home/martin/ruby/include/ruby-1.9.1/ruby/backward -I/home/martin/ruby/include/ruby-1.9.1 -I. -I/home/martin/openssl/include  -D_FILE_OFFSET_BITS=64   -O3 -ggdb -Wextra -Wno-unused-parameter -Wno-parentheses -Wpointer-arith -Wwrite-strings -Wno-missing-field-initializers -Wno-long-long   conftest.c  -L. -L/home/martin/ruby/lib -Wl,-R/home/martin/ruby/lib -L/home/martin/openssl/lib -Wl,-R/home/martin/openssl/lib -L.  -rdynamic -Wl,-export-dynamic      -lssl -lcrypto   -Wl,-R -Wl,/home/martin/ruby/lib -L/home/martin/ruby/lib -lruby-static  -lssl -lcrypto   -lpthread -lrt -ldl -lcrypt -lm   -lc"
/tmp/ccm7lqXu.o: In function `t':
/home/martin/Projekte/Ruby/ruby-openssl/ext/openssl/conftest.c:5: undefined reference to `ENGINE_load_openbsd_dev_crypto'
collect2: ld returned 1 exit status
checked program was:
/* begin */
1: #include "ruby.h"
2: 
3: /*top*/
4: int main() {return 0;}
5: int t() { ENGINE_load_openbsd_dev_crypto(); return 0; }
/* end */

--------------------

have_func: checking for ENGINE_get_digest()... -------------------- yes

"gcc -o conftest -I/home/martin/ruby/include/ruby-1.9.1/i686-linux -I/home/martin/ruby/include/ruby-1.9.1/ruby/backward -I/home/martin/ruby/include/ruby-1.9.1 -I. -I/home/martin/openssl/include  -D_FILE_OFFSET_BITS=64   -O3 -ggdb -Wextra -Wno-unused-parameter -Wno-parentheses -Wpointer-arith -Wwrite-strings -Wno-missing-field-initializers -Wno-long-long   conftest.c  -L. -L/home/martin/ruby/lib -Wl,-R/home/martin/ruby/lib -L/home/martin/openssl/lib -Wl,-R/home/martin/openssl/lib -L.  -rdynamic -Wl,-export-dynamic      -lssl -lcrypto   -Wl,-R -Wl,/home/martin/ruby/lib -L/home/martin/ruby/lib -lruby-static  -lssl -lcrypto   -lpthread -lrt -ldl -lcrypt -lm   -lc"
conftest.c: In function ‘t’:
conftest.c:5: error: ‘ENGINE_get_digest’ undeclared (first use in this function)
conftest.c:5: error: (Each undeclared identifier is reported only once
conftest.c:5: error: for each function it appears in.)
checked program was:
/* begin */
1: #include "ruby.h"
2: 
3: /*top*/
4: int main() {return 0;}
5: int t() { void ((*volatile p)()); p = (void ((*)()))ENGINE_get_digest; return 0; }
/* end */

"gcc -o conftest -I/home/martin/ruby/include/ruby-1.9.1/i686-linux -I/home/martin/ruby/include/ruby-1.9.1/ruby/backward -I/home/martin/ruby/include/ruby-1.9.1 -I. -I/home/martin/openssl/include  -D_FILE_OFFSET_BITS=64   -O3 -ggdb -Wextra -Wno-unused-parameter -Wno-parentheses -Wpointer-arith -Wwrite-strings -Wno-missing-field-initializers -Wno-long-long   conftest.c  -L. -L/home/martin/ruby/lib -Wl,-R/home/martin/ruby/lib -L/home/martin/openssl/lib -Wl,-R/home/martin/openssl/lib -L.  -rdynamic -Wl,-export-dynamic      -lssl -lcrypto   -Wl,-R -Wl,/home/martin/ruby/lib -L/home/martin/ruby/lib -lruby-static  -lssl -lcrypto   -lpthread -lrt -ldl -lcrypt -lm   -lc"
checked program was:
/* begin */
1: #include "ruby.h"
2: 
3: /*top*/
4: int main() {return 0;}
5: int t() { ENGINE_get_digest(); return 0; }
/* end */

--------------------

have_func: checking for ENGINE_get_cipher()... -------------------- yes

"gcc -o conftest -I/home/martin/ruby/include/ruby-1.9.1/i686-linux -I/home/martin/ruby/include/ruby-1.9.1/ruby/backward -I/home/martin/ruby/include/ruby-1.9.1 -I. -I/home/martin/openssl/include  -D_FILE_OFFSET_BITS=64   -O3 -ggdb -Wextra -Wno-unused-parameter -Wno-parentheses -Wpointer-arith -Wwrite-strings -Wno-missing-field-initializers -Wno-long-long   conftest.c  -L. -L/home/martin/ruby/lib -Wl,-R/home/martin/ruby/lib -L/home/martin/openssl/lib -Wl,-R/home/martin/openssl/lib -L.  -rdynamic -Wl,-export-dynamic      -lssl -lcrypto   -Wl,-R -Wl,/home/martin/ruby/lib -L/home/martin/ruby/lib -lruby-static  -lssl -lcrypto   -lpthread -lrt -ldl -lcrypt -lm   -lc"
conftest.c: In function ‘t’:
conftest.c:5: error: ‘ENGINE_get_cipher’ undeclared (first use in this function)
conftest.c:5: error: (Each undeclared identifier is reported only once
conftest.c:5: error: for each function it appears in.)
checked program was:
/* begin */
1: #include "ruby.h"
2: 
3: /*top*/
4: int main() {return 0;}
5: int t() { void ((*volatile p)()); p = (void ((*)()))ENGINE_get_cipher; return 0; }
/* end */

"gcc -o conftest -I/home/martin/ruby/include/ruby-1.9.1/i686-linux -I/home/martin/ruby/include/ruby-1.9.1/ruby/backward -I/home/martin/ruby/include/ruby-1.9.1 -I. -I/home/martin/openssl/include  -D_FILE_OFFSET_BITS=64   -O3 -ggdb -Wextra -Wno-unused-parameter -Wno-parentheses -Wpointer-arith -Wwrite-strings -Wno-missing-field-initializers -Wno-long-long   conftest.c  -L. -L/home/martin/ruby/lib -Wl,-R/home/martin/ruby/lib -L/home/martin/openssl/lib -Wl,-R/home/martin/openssl/lib -L.  -rdynamic -Wl,-export-dynamic      -lssl -lcrypto   -Wl,-R -Wl,/home/martin/ruby/lib -L/home/martin/ruby/lib -lruby-static  -lssl -lcrypto   -lpthread -lrt -ldl -lcrypt -lm   -lc"
checked program was:
/* begin */
1: #include "ruby.h"
2: 
3: /*top*/
4: int main() {return 0;}
5: int t() { ENGINE_get_cipher(); return 0; }
/* end */

--------------------

have_func: checking for ENGINE_cleanup()... -------------------- yes

"gcc -o conftest -I/home/martin/ruby/include/ruby-1.9.1/i686-linux -I/home/martin/ruby/include/ruby-1.9.1/ruby/backward -I/home/martin/ruby/include/ruby-1.9.1 -I. -I/home/martin/openssl/include  -D_FILE_OFFSET_BITS=64   -O3 -ggdb -Wextra -Wno-unused-parameter -Wno-parentheses -Wpointer-arith -Wwrite-strings -Wno-missing-field-initializers -Wno-long-long   conftest.c  -L. -L/home/martin/ruby/lib -Wl,-R/home/martin/ruby/lib -L/home/martin/openssl/lib -Wl,-R/home/martin/openssl/lib -L.  -rdynamic -Wl,-export-dynamic      -lssl -lcrypto   -Wl,-R -Wl,/home/martin/ruby/lib -L/home/martin/ruby/lib -lruby-static  -lssl -lcrypto   -lpthread -lrt -ldl -lcrypt -lm   -lc"
conftest.c: In function ‘t’:
conftest.c:5: error: ‘ENGINE_cleanup’ undeclared (first use in this function)
conftest.c:5: error: (Each undeclared identifier is reported only once
conftest.c:5: error: for each function it appears in.)
checked program was:
/* begin */
1: #include "ruby.h"
2: 
3: /*top*/
4: int main() {return 0;}
5: int t() { void ((*volatile p)()); p = (void ((*)()))ENGINE_cleanup; return 0; }
/* end */

"gcc -o conftest -I/home/martin/ruby/include/ruby-1.9.1/i686-linux -I/home/martin/ruby/include/ruby-1.9.1/ruby/backward -I/home/martin/ruby/include/ruby-1.9.1 -I. -I/home/martin/openssl/include  -D_FILE_OFFSET_BITS=64   -O3 -ggdb -Wextra -Wno-unused-parameter -Wno-parentheses -Wpointer-arith -Wwrite-strings -Wno-missing-field-initializers -Wno-long-long   conftest.c  -L. -L/home/martin/ruby/lib -Wl,-R/home/martin/ruby/lib -L/home/martin/openssl/lib -Wl,-R/home/martin/openssl/lib -L.  -rdynamic -Wl,-export-dynamic      -lssl -lcrypto   -Wl,-R -Wl,/home/martin/ruby/lib -L/home/martin/ruby/lib -lruby-static  -lssl -lcrypto   -lpthread -lrt -ldl -lcrypt -lm   -lc"
checked program was:
/* begin */
1: #include "ruby.h"
2: 
3: /*top*/
4: int main() {return 0;}
5: int t() { ENGINE_cleanup(); return 0; }
/* end */

--------------------

have_func: checking for ENGINE_load_4758cca()... -------------------- yes

"gcc -o conftest -I/home/martin/ruby/include/ruby-1.9.1/i686-linux -I/home/martin/ruby/include/ruby-1.9.1/ruby/backward -I/home/martin/ruby/include/ruby-1.9.1 -I. -I/home/martin/openssl/include  -D_FILE_OFFSET_BITS=64   -O3 -ggdb -Wextra -Wno-unused-parameter -Wno-parentheses -Wpointer-arith -Wwrite-strings -Wno-missing-field-initializers -Wno-long-long   conftest.c  -L. -L/home/martin/ruby/lib -Wl,-R/home/martin/ruby/lib -L/home/martin/openssl/lib -Wl,-R/home/martin/openssl/lib -L.  -rdynamic -Wl,-export-dynamic      -lssl -lcrypto   -Wl,-R -Wl,/home/martin/ruby/lib -L/home/martin/ruby/lib -lruby-static  -lssl -lcrypto   -lpthread -lrt -ldl -lcrypt -lm   -lc"
conftest.c: In function ‘t’:
conftest.c:5: error: ‘ENGINE_load_4758cca’ undeclared (first use in this function)
conftest.c:5: error: (Each undeclared identifier is reported only once
conftest.c:5: error: for each function it appears in.)
checked program was:
/* begin */
1: #include "ruby.h"
2: 
3: /*top*/
4: int main() {return 0;}
5: int t() { void ((*volatile p)()); p = (void ((*)()))ENGINE_load_4758cca; return 0; }
/* end */

"gcc -o conftest -I/home/martin/ruby/include/ruby-1.9.1/i686-linux -I/home/martin/ruby/include/ruby-1.9.1/ruby/backward -I/home/martin/ruby/include/ruby-1.9.1 -I. -I/home/martin/openssl/include  -D_FILE_OFFSET_BITS=64   -O3 -ggdb -Wextra -Wno-unused-parameter -Wno-parentheses -Wpointer-arith -Wwrite-strings -Wno-missing-field-initializers -Wno-long-long   conftest.c  -L. -L/home/martin/ruby/lib -Wl,-R/home/martin/ruby/lib -L/home/martin/openssl/lib -Wl,-R/home/martin/openssl/lib -L.  -rdynamic -Wl,-export-dynamic      -lssl -lcrypto   -Wl,-R -Wl,/home/martin/ruby/lib -L/home/martin/ruby/lib -lruby-static  -lssl -lcrypto   -lpthread -lrt -ldl -lcrypt -lm   -lc"
checked program was:
/* begin */
1: #include "ruby.h"
2: 
3: /*top*/
4: int main() {return 0;}
5: int t() { ENGINE_load_4758cca(); return 0; }
/* end */

--------------------

have_func: checking for ENGINE_load_aep()... -------------------- yes

"gcc -o conftest -I/home/martin/ruby/include/ruby-1.9.1/i686-linux -I/home/martin/ruby/include/ruby-1.9.1/ruby/backward -I/home/martin/ruby/include/ruby-1.9.1 -I. -I/home/martin/openssl/include  -D_FILE_OFFSET_BITS=64   -O3 -ggdb -Wextra -Wno-unused-parameter -Wno-parentheses -Wpointer-arith -Wwrite-strings -Wno-missing-field-initializers -Wno-long-long   conftest.c  -L. -L/home/martin/ruby/lib -Wl,-R/home/martin/ruby/lib -L/home/martin/openssl/lib -Wl,-R/home/martin/openssl/lib -L.  -rdynamic -Wl,-export-dynamic      -lssl -lcrypto   -Wl,-R -Wl,/home/martin/ruby/lib -L/home/martin/ruby/lib -lruby-static  -lssl -lcrypto   -lpthread -lrt -ldl -lcrypt -lm   -lc"
conftest.c: In function ‘t’:
conftest.c:5: error: ‘ENGINE_load_aep’ undeclared (first use in this function)
conftest.c:5: error: (Each undeclared identifier is reported only once
conftest.c:5: error: for each function it appears in.)
checked program was:
/* begin */
1: #include "ruby.h"
2: 
3: /*top*/
4: int main() {return 0;}
5: int t() { void ((*volatile p)()); p = (void ((*)()))ENGINE_load_aep; return 0; }
/* end */

"gcc -o conftest -I/home/martin/ruby/include/ruby-1.9.1/i686-linux -I/home/martin/ruby/include/ruby-1.9.1/ruby/backward -I/home/martin/ruby/include/ruby-1.9.1 -I. -I/home/martin/openssl/include  -D_FILE_OFFSET_BITS=64   -O3 -ggdb -Wextra -Wno-unused-parameter -Wno-parentheses -Wpointer-arith -Wwrite-strings -Wno-missing-field-initializers -Wno-long-long   conftest.c  -L. -L/home/martin/ruby/lib -Wl,-R/home/martin/ruby/lib -L/home/martin/openssl/lib -Wl,-R/home/martin/openssl/lib -L.  -rdynamic -Wl,-export-dynamic      -lssl -lcrypto   -Wl,-R -Wl,/home/martin/ruby/lib -L/home/martin/ruby/lib -lruby-static  -lssl -lcrypto   -lpthread -lrt -ldl -lcrypt -lm   -lc"
checked program was:
/* begin */
1: #include "ruby.h"
2: 
3: /*top*/
4: int main() {return 0;}
5: int t() { ENGINE_load_aep(); return 0; }
/* end */

--------------------

have_func: checking for ENGINE_load_atalla()... -------------------- yes

"gcc -o conftest -I/home/martin/ruby/include/ruby-1.9.1/i686-linux -I/home/martin/ruby/include/ruby-1.9.1/ruby/backward -I/home/martin/ruby/include/ruby-1.9.1 -I. -I/home/martin/openssl/include  -D_FILE_OFFSET_BITS=64   -O3 -ggdb -Wextra -Wno-unused-parameter -Wno-parentheses -Wpointer-arith -Wwrite-strings -Wno-missing-field-initializers -Wno-long-long   conftest.c  -L. -L/home/martin/ruby/lib -Wl,-R/home/martin/ruby/lib -L/home/martin/openssl/lib -Wl,-R/home/martin/openssl/lib -L.  -rdynamic -Wl,-export-dynamic      -lssl -lcrypto   -Wl,-R -Wl,/home/martin/ruby/lib -L/home/martin/ruby/lib -lruby-static  -lssl -lcrypto   -lpthread -lrt -ldl -lcrypt -lm   -lc"
conftest.c: In function ‘t’:
conftest.c:5: error: ‘ENGINE_load_atalla’ undeclared (first use in this function)
conftest.c:5: error: (Each undeclared identifier is reported only once
conftest.c:5: error: for each function it appears in.)
checked program was:
/* begin */
1: #include "ruby.h"
2: 
3: /*top*/
4: int main() {return 0;}
5: int t() { void ((*volatile p)()); p = (void ((*)()))ENGINE_load_atalla; return 0; }
/* end */

"gcc -o conftest -I/home/martin/ruby/include/ruby-1.9.1/i686-linux -I/home/martin/ruby/include/ruby-1.9.1/ruby/backward -I/home/martin/ruby/include/ruby-1.9.1 -I. -I/home/martin/openssl/include  -D_FILE_OFFSET_BITS=64   -O3 -ggdb -Wextra -Wno-unused-parameter -Wno-parentheses -Wpointer-arith -Wwrite-strings -Wno-missing-field-initializers -Wno-long-long   conftest.c  -L. -L/home/martin/ruby/lib -Wl,-R/home/martin/ruby/lib -L/home/martin/openssl/lib -Wl,-R/home/martin/openssl/lib -L.  -rdynamic -Wl,-export-dynamic      -lssl -lcrypto   -Wl,-R -Wl,/home/martin/ruby/lib -L/home/martin/ruby/lib -lruby-static  -lssl -lcrypto   -lpthread -lrt -ldl -lcrypt -lm   -lc"
checked program was:
/* begin */
1: #include "ruby.h"
2: 
3: /*top*/
4: int main() {return 0;}
5: int t() { ENGINE_load_atalla(); return 0; }
/* end */

--------------------

have_func: checking for ENGINE_load_chil()... -------------------- yes

"gcc -o conftest -I/home/martin/ruby/include/ruby-1.9.1/i686-linux -I/home/martin/ruby/include/ruby-1.9.1/ruby/backward -I/home/martin/ruby/include/ruby-1.9.1 -I. -I/home/martin/openssl/include  -D_FILE_OFFSET_BITS=64   -O3 -ggdb -Wextra -Wno-unused-parameter -Wno-parentheses -Wpointer-arith -Wwrite-strings -Wno-missing-field-initializers -Wno-long-long   conftest.c  -L. -L/home/martin/ruby/lib -Wl,-R/home/martin/ruby/lib -L/home/martin/openssl/lib -Wl,-R/home/martin/openssl/lib -L.  -rdynamic -Wl,-export-dynamic      -lssl -lcrypto   -Wl,-R -Wl,/home/martin/ruby/lib -L/home/martin/ruby/lib -lruby-static  -lssl -lcrypto   -lpthread -lrt -ldl -lcrypt -lm   -lc"
conftest.c: In function ‘t’:
conftest.c:5: error: ‘ENGINE_load_chil’ undeclared (first use in this function)
conftest.c:5: error: (Each undeclared identifier is reported only once
conftest.c:5: error: for each function it appears in.)
checked program was:
/* begin */
1: #include "ruby.h"
2: 
3: /*top*/
4: int main() {return 0;}
5: int t() { void ((*volatile p)()); p = (void ((*)()))ENGINE_load_chil; return 0; }
/* end */

"gcc -o conftest -I/home/martin/ruby/include/ruby-1.9.1/i686-linux -I/home/martin/ruby/include/ruby-1.9.1/ruby/backward -I/home/martin/ruby/include/ruby-1.9.1 -I. -I/home/martin/openssl/include  -D_FILE_OFFSET_BITS=64   -O3 -ggdb -Wextra -Wno-unused-parameter -Wno-parentheses -Wpointer-arith -Wwrite-strings -Wno-missing-field-initializers -Wno-long-long   conftest.c  -L. -L/home/martin/ruby/lib -Wl,-R/home/martin/ruby/lib -L/home/martin/openssl/lib -Wl,-R/home/martin/openssl/lib -L.  -rdynamic -Wl,-export-dynamic      -lssl -lcrypto   -Wl,-R -Wl,/home/martin/ruby/lib -L/home/martin/ruby/lib -lruby-static  -lssl -lcrypto   -lpthread -lrt -ldl -lcrypt -lm   -lc"
checked program was:
/* begin */
1: #include "ruby.h"
2: 
3: /*top*/
4: int main() {return 0;}
5: int t() { ENGINE_load_chil(); return 0; }
/* end */

--------------------

have_func: checking for ENGINE_load_cswift()... -------------------- yes

"gcc -o conftest -I/home/martin/ruby/include/ruby-1.9.1/i686-linux -I/home/martin/ruby/include/ruby-1.9.1/ruby/backward -I/home/martin/ruby/include/ruby-1.9.1 -I. -I/home/martin/openssl/include  -D_FILE_OFFSET_BITS=64   -O3 -ggdb -Wextra -Wno-unused-parameter -Wno-parentheses -Wpointer-arith -Wwrite-strings -Wno-missing-field-initializers -Wno-long-long   conftest.c  -L. -L/home/martin/ruby/lib -Wl,-R/home/martin/ruby/lib -L/home/martin/openssl/lib -Wl,-R/home/martin/openssl/lib -L.  -rdynamic -Wl,-export-dynamic      -lssl -lcrypto   -Wl,-R -Wl,/home/martin/ruby/lib -L/home/martin/ruby/lib -lruby-static  -lssl -lcrypto   -lpthread -lrt -ldl -lcrypt -lm   -lc"
conftest.c: In function ‘t’:
conftest.c:5: error: ‘ENGINE_load_cswift’ undeclared (first use in this function)
conftest.c:5: error: (Each undeclared identifier is reported only once
conftest.c:5: error: for each function it appears in.)
checked program was:
/* begin */
1: #include "ruby.h"
2: 
3: /*top*/
4: int main() {return 0;}
5: int t() { void ((*volatile p)()); p = (void ((*)()))ENGINE_load_cswift; return 0; }
/* end */

"gcc -o conftest -I/home/martin/ruby/include/ruby-1.9.1/i686-linux -I/home/martin/ruby/include/ruby-1.9.1/ruby/backward -I/home/martin/ruby/include/ruby-1.9.1 -I. -I/home/martin/openssl/include  -D_FILE_OFFSET_BITS=64   -O3 -ggdb -Wextra -Wno-unused-parameter -Wno-parentheses -Wpointer-arith -Wwrite-strings -Wno-missing-field-initializers -Wno-long-long   conftest.c  -L. -L/home/martin/ruby/lib -Wl,-R/home/martin/ruby/lib -L/home/martin/openssl/lib -Wl,-R/home/martin/openssl/lib -L.  -rdynamic -Wl,-export-dynamic      -lssl -lcrypto   -Wl,-R -Wl,/home/martin/ruby/lib -L/home/martin/ruby/lib -lruby-static  -lssl -lcrypto   -lpthread -lrt -ldl -lcrypt -lm   -lc"
checked program was:
/* begin */
1: #include "ruby.h"
2: 
3: /*top*/
4: int main() {return 0;}
5: int t() { ENGINE_load_cswift(); return 0; }
/* end */

--------------------

have_func: checking for ENGINE_load_nuron()... -------------------- yes

"gcc -o conftest -I/home/martin/ruby/include/ruby-1.9.1/i686-linux -I/home/martin/ruby/include/ruby-1.9.1/ruby/backward -I/home/martin/ruby/include/ruby-1.9.1 -I. -I/home/martin/openssl/include  -D_FILE_OFFSET_BITS=64   -O3 -ggdb -Wextra -Wno-unused-parameter -Wno-parentheses -Wpointer-arith -Wwrite-strings -Wno-missing-field-initializers -Wno-long-long   conftest.c  -L. -L/home/martin/ruby/lib -Wl,-R/home/martin/ruby/lib -L/home/martin/openssl/lib -Wl,-R/home/martin/openssl/lib -L.  -rdynamic -Wl,-export-dynamic      -lssl -lcrypto   -Wl,-R -Wl,/home/martin/ruby/lib -L/home/martin/ruby/lib -lruby-static  -lssl -lcrypto   -lpthread -lrt -ldl -lcrypt -lm   -lc"
conftest.c: In function ‘t’:
conftest.c:5: error: ‘ENGINE_load_nuron’ undeclared (first use in this function)
conftest.c:5: error: (Each undeclared identifier is reported only once
conftest.c:5: error: for each function it appears in.)
checked program was:
/* begin */
1: #include "ruby.h"
2: 
3: /*top*/
4: int main() {return 0;}
5: int t() { void ((*volatile p)()); p = (void ((*)()))ENGINE_load_nuron; return 0; }
/* end */

"gcc -o conftest -I/home/martin/ruby/include/ruby-1.9.1/i686-linux -I/home/martin/ruby/include/ruby-1.9.1/ruby/backward -I/home/martin/ruby/include/ruby-1.9.1 -I. -I/home/martin/openssl/include  -D_FILE_OFFSET_BITS=64   -O3 -ggdb -Wextra -Wno-unused-parameter -Wno-parentheses -Wpointer-arith -Wwrite-strings -Wno-missing-field-initializers -Wno-long-long   conftest.c  -L. -L/home/martin/ruby/lib -Wl,-R/home/martin/ruby/lib -L/home/martin/openssl/lib -Wl,-R/home/martin/openssl/lib -L.  -rdynamic -Wl,-export-dynamic      -lssl -lcrypto   -Wl,-R -Wl,/home/martin/ruby/lib -L/home/martin/ruby/lib -lruby-static  -lssl -lcrypto   -lpthread -lrt -ldl -lcrypt -lm   -lc"
checked program was:
/* begin */
1: #include "ruby.h"
2: 
3: /*top*/
4: int main() {return 0;}
5: int t() { ENGINE_load_nuron(); return 0; }
/* end */

--------------------

have_func: checking for ENGINE_load_sureware()... -------------------- yes

"gcc -o conftest -I/home/martin/ruby/include/ruby-1.9.1/i686-linux -I/home/martin/ruby/include/ruby-1.9.1/ruby/backward -I/home/martin/ruby/include/ruby-1.9.1 -I. -I/home/martin/openssl/include  -D_FILE_OFFSET_BITS=64   -O3 -ggdb -Wextra -Wno-unused-parameter -Wno-parentheses -Wpointer-arith -Wwrite-strings -Wno-missing-field-initializers -Wno-long-long   conftest.c  -L. -L/home/martin/ruby/lib -Wl,-R/home/martin/ruby/lib -L/home/martin/openssl/lib -Wl,-R/home/martin/openssl/lib -L.  -rdynamic -Wl,-export-dynamic      -lssl -lcrypto   -Wl,-R -Wl,/home/martin/ruby/lib -L/home/martin/ruby/lib -lruby-static  -lssl -lcrypto   -lpthread -lrt -ldl -lcrypt -lm   -lc"
conftest.c: In function ‘t’:
conftest.c:5: error: ‘ENGINE_load_sureware’ undeclared (first use in this function)
conftest.c:5: error: (Each undeclared identifier is reported only once
conftest.c:5: error: for each function it appears in.)
checked program was:
/* begin */
1: #include "ruby.h"
2: 
3: /*top*/
4: int main() {return 0;}
5: int t() { void ((*volatile p)()); p = (void ((*)()))ENGINE_load_sureware; return 0; }
/* end */

"gcc -o conftest -I/home/martin/ruby/include/ruby-1.9.1/i686-linux -I/home/martin/ruby/include/ruby-1.9.1/ruby/backward -I/home/martin/ruby/include/ruby-1.9.1 -I. -I/home/martin/openssl/include  -D_FILE_OFFSET_BITS=64   -O3 -ggdb -Wextra -Wno-unused-parameter -Wno-parentheses -Wpointer-arith -Wwrite-strings -Wno-missing-field-initializers -Wno-long-long   conftest.c  -L. -L/home/martin/ruby/lib -Wl,-R/home/martin/ruby/lib -L/home/martin/openssl/lib -Wl,-R/home/martin/openssl/lib -L.  -rdynamic -Wl,-export-dynamic      -lssl -lcrypto   -Wl,-R -Wl,/home/martin/ruby/lib -L/home/martin/ruby/lib -lruby-static  -lssl -lcrypto   -lpthread -lrt -ldl -lcrypt -lm   -lc"
checked program was:
/* begin */
1: #include "ruby.h"
2: 
3: /*top*/
4: int main() {return 0;}
5: int t() { ENGINE_load_sureware(); return 0; }
/* end */

--------------------

have_func: checking for ENGINE_load_ubsec()... -------------------- yes

"gcc -o conftest -I/home/martin/ruby/include/ruby-1.9.1/i686-linux -I/home/martin/ruby/include/ruby-1.9.1/ruby/backward -I/home/martin/ruby/include/ruby-1.9.1 -I. -I/home/martin/openssl/include  -D_FILE_OFFSET_BITS=64   -O3 -ggdb -Wextra -Wno-unused-parameter -Wno-parentheses -Wpointer-arith -Wwrite-strings -Wno-missing-field-initializers -Wno-long-long   conftest.c  -L. -L/home/martin/ruby/lib -Wl,-R/home/martin/ruby/lib -L/home/martin/openssl/lib -Wl,-R/home/martin/openssl/lib -L.  -rdynamic -Wl,-export-dynamic      -lssl -lcrypto   -Wl,-R -Wl,/home/martin/ruby/lib -L/home/martin/ruby/lib -lruby-static  -lssl -lcrypto   -lpthread -lrt -ldl -lcrypt -lm   -lc"
conftest.c: In function ‘t’:
conftest.c:5: error: ‘ENGINE_load_ubsec’ undeclared (first use in this function)
conftest.c:5: error: (Each undeclared identifier is reported only once
conftest.c:5: error: for each function it appears in.)
checked program was:
/* begin */
1: #include "ruby.h"
2: 
3: /*top*/
4: int main() {return 0;}
5: int t() { void ((*volatile p)()); p = (void ((*)()))ENGINE_load_ubsec; return 0; }
/* end */

"gcc -o conftest -I/home/martin/ruby/include/ruby-1.9.1/i686-linux -I/home/martin/ruby/include/ruby-1.9.1/ruby/backward -I/home/martin/ruby/include/ruby-1.9.1 -I. -I/home/martin/openssl/include  -D_FILE_OFFSET_BITS=64   -O3 -ggdb -Wextra -Wno-unused-parameter -Wno-parentheses -Wpointer-arith -Wwrite-strings -Wno-missing-field-initializers -Wno-long-long   conftest.c  -L. -L/home/martin/ruby/lib -Wl,-R/home/martin/ruby/lib -L/home/martin/openssl/lib -Wl,-R/home/martin/openssl/lib -L.  -rdynamic -Wl,-export-dynamic      -lssl -lcrypto   -Wl,-R -Wl,/home/martin/ruby/lib -L/home/martin/ruby/lib -lruby-static  -lssl -lcrypto   -lpthread -lrt -ldl -lcrypt -lm   -lc"
checked program was:
/* begin */
1: #include "ruby.h"
2: 
3: /*top*/
4: int main() {return 0;}
5: int t() { ENGINE_load_ubsec(); return 0; }
/* end */

--------------------

checking for OpenSSL version is 0.9.7 or later... -------------------- yes

"gcc -I/home/martin/ruby/include/ruby-1.9.1/i686-linux -I/home/martin/ruby/include/ruby-1.9.1/ruby/backward -I/home/martin/ruby/include/ruby-1.9.1 -I. -I/home/martin/openssl/include  -D_FILE_OFFSET_BITS=64   -O3 -ggdb -Wextra -Wno-unused-parameter -Wno-parentheses -Wpointer-arith -Wwrite-strings -Wno-missing-field-initializers -Wno-long-long     -c conftest.c"
checked program was:
/* begin */
1: #include "ruby.h"
2: 
3: #include <openssl/opensslv.h>
4: 
5: /*top*/
6: int conftest_const[(OPENSSL_VERSION_NUMBER >= 0x00907000L) ? 1 : -1];
/* end */

--------------------

have_header: checking for openssl/ocsp.h... -------------------- yes

"gcc -E -I/home/martin/ruby/include/ruby-1.9.1/i686-linux -I/home/martin/ruby/include/ruby-1.9.1/ruby/backward -I/home/martin/ruby/include/ruby-1.9.1 -I. -I/home/martin/openssl/include  -D_FILE_OFFSET_BITS=64   -O3 -ggdb -Wextra -Wno-unused-parameter -Wno-parentheses -Wpointer-arith -Wwrite-strings -Wno-missing-field-initializers -Wno-long-long    conftest.c -o conftest.i"
checked program was:
/* begin */
1: #include "ruby.h"
2: 
3: #include <openssl/ocsp.h>
/* end */

--------------------

have_struct_member: checking for EVP_CIPHER_CTX.flags in openssl/evp.h... -------------------- yes

"gcc -I/home/martin/ruby/include/ruby-1.9.1/i686-linux -I/home/martin/ruby/include/ruby-1.9.1/ruby/backward -I/home/martin/ruby/include/ruby-1.9.1 -I. -I/home/martin/openssl/include  -D_FILE_OFFSET_BITS=64   -O3 -ggdb -Wextra -Wno-unused-parameter -Wno-parentheses -Wpointer-arith -Wwrite-strings -Wno-missing-field-initializers -Wno-long-long     -c conftest.c"
checked program was:
/* begin */
1: #include "ruby.h"
2: 
3: #include <openssl/evp.h>
4: 
5: /*top*/
6: int main() {return 0;}
7: int s = (char *)&((EVP_CIPHER_CTX*)0)->flags - (char *)0;
/* end */

--------------------

have_struct_member: checking for EVP_CIPHER_CTX.engine in openssl/evp.h... -------------------- yes

"gcc -I/home/martin/ruby/include/ruby-1.9.1/i686-linux -I/home/martin/ruby/include/ruby-1.9.1/ruby/backward -I/home/martin/ruby/include/ruby-1.9.1 -I. -I/home/martin/openssl/include  -D_FILE_OFFSET_BITS=64   -O3 -ggdb -Wextra -Wno-unused-parameter -Wno-parentheses -Wpointer-arith -Wwrite-strings -Wno-missing-field-initializers -Wno-long-long     -c conftest.c"
checked program was:
/* begin */
1: #include "ruby.h"
2: 
3: #include <openssl/evp.h>
4: 
5: /*top*/
6: int main() {return 0;}
7: int s = (char *)&((EVP_CIPHER_CTX*)0)->engine - (char *)0;
/* end */

--------------------

have_struct_member: checking for X509_ATTRIBUTE.single in openssl/x509.h... -------------------- yes

"gcc -I/home/martin/ruby/include/ruby-1.9.1/i686-linux -I/home/martin/ruby/include/ruby-1.9.1/ruby/backward -I/home/martin/ruby/include/ruby-1.9.1 -I. -I/home/martin/openssl/include  -D_FILE_OFFSET_BITS=64   -O3 -ggdb -Wextra -Wno-unused-parameter -Wno-parentheses -Wpointer-arith -Wwrite-strings -Wno-missing-field-initializers -Wno-long-long     -c conftest.c"
checked program was:
/* begin */
1: #include "ruby.h"
2: 
3: #include <openssl/x509.h>
4: 
5: /*top*/
6: int main() {return 0;}
7: int s = (char *)&((X509_ATTRIBUTE*)0)->single - (char *)0;
/* end */

--------------------

have_header: checking for openssl/ts.h... -------------------- yes

"gcc -E -I/home/martin/ruby/include/ruby-1.9.1/i686-linux -I/home/martin/ruby/include/ruby-1.9.1/ruby/backward -I/home/martin/ruby/include/ruby-1.9.1 -I. -I/home/martin/openssl/include  -D_FILE_OFFSET_BITS=64   -O3 -ggdb -Wextra -Wno-unused-parameter -Wno-parentheses -Wpointer-arith -Wwrite-strings -Wno-missing-field-initializers -Wno-long-long    conftest.c -o conftest.i"
checked program was:
/* begin */
1: #include "ruby.h"
2: 
3: #include <openssl/ts.h>
/* end */

--------------------

